<testsuite errors="0" failures="0" tests="196" skipped="8" name="org.elasticsearch.plugins.InstallPluginCommandTests" hostname="nohost.nodomain" time="6.117" timestamp="2019-02-03T04:20:48">
   <properties class="java.util.ArrayList">
      <property name="awt.toolkit" value="sun.lwawt.macosx.LWCToolkit"/>
      <property name="file.encoding" value="UTF-8"/>
      <property name="file.encoding.pkg" value="sun.io"/>
      <property name="file.separator" value="/"/>
      <property name="ftp.nonProxyHosts" value="local|*.local|169.254/16|*.169.254/16"/>
      <property name="gopherProxySet" value="false"/>
      <property name="http.nonProxyHosts" value="local|*.local|169.254/16|*.169.254/16"/>
      <property name="java.awt.graphicsenv" value="sun.awt.CGraphicsEnvironment"/>
      <property name="java.awt.headless" value="true"/>
      <property name="java.awt.printerjob" value="sun.lwawt.macosx.CPrinterJob"/>
      <property name="java.class.path" value="/worker/workspace/es/e610/distribution/tools/plugin-cli/build/classes/java/test:/worker/workspace/es/e610/distribution/tools/plugin-cli/build/classes/java/main:/worker/workspace/es/e610/test/framework/build/distributions/framework-6.1.0-SNAPSHOT.jar:/worker/java/gradle-4.3.1/caches/modules-2/files-2.1/com.google.jimfs/jimfs/1.1/8fbd0579dc68aba6186935cc1bee21d2f3e7ec1c/jimfs-1.1.jar:/worker/java/gradle-4.3.1/caches/modules-2/files-2.1/com.google.guava/guava/18.0/cce0823396aa693798f8882e64213b1772032b09/guava-18.0.jar:/worker/workspace/es/e610/core/build/distributions/elasticsearch-6.1.0-SNAPSHOT.jar:/worker/workspace/es/e610/core/cli/build/distributions/elasticsearch-cli-6.1.0-SNAPSHOT.jar:/worker/java/gradle-4.3.1/caches/modules-2/files-2.1/org.apache.lucene/lucene-core/7.1.0/dd291b7ebf4845483895724d2562214dc7f40049/lucene-core-7.1.0.jar:/worker/java/gradle-4.3.1/caches/modules-2/files-2.1/org.apache.lucene/lucene-analyzers-common/7.1.0/a508bf6b580471ee568dab7d2acfedfa5aadce70/lucene-analyzers-common-7.1.0.jar:/worker/java/gradle-4.3.1/caches/modules-2/files-2.1/org.apache.lucene/lucene-backward-codecs/7.1.0/804a7ce82bba3d085733486bfde4846ecb77ce01/lucene-backward-codecs-7.1.0.jar:/worker/java/gradle-4.3.1/caches/modules-2/files-2.1/org.apache.lucene/lucene-grouping/7.1.0/732d16c16421fca058a2a07ca4081ec7696365b/lucene-grouping-7.1.0.jar:/worker/java/gradle-4.3.1/caches/modules-2/files-2.1/org.apache.lucene/lucene-highlighter/7.1.0/596550daabae765ad685112e0fe7c4f0fdfccb3f/lucene-highlighter-7.1.0.jar:/worker/java/gradle-4.3.1/caches/modules-2/files-2.1/org.apache.lucene/lucene-join/7.1.0/5f26dd64c195258a81175772ef7fe105e7d60a26/lucene-join-7.1.0.jar:/worker/java/gradle-4.3.1/caches/modules-2/files-2.1/org.apache.lucene/lucene-memory/7.1.0/3ef64c58d0c09ca40d848efa96b585b7476271f2/lucene-memory-7.1.0.jar:/worker/java/gradle-4.3.1/caches/modules-2/files-2.1/org.apache.lucene/lucene-misc/7.1.0/1496ee5fa62206ee5ddf51042a340d6a9ee3b5de/lucene-misc-7.1.0.jar:/worker/java/gradle-4.3.1/caches/modules-2/files-2.1/org.apache.lucene/lucene-queries/7.1.0/1554920ab207a3245fa408d022a5c90ad3a1fea3/lucene-queries-7.1.0.jar:/worker/java/gradle-4.3.1/caches/modules-2/files-2.1/org.apache.lucene/lucene-queryparser/7.1.0/5767c15c5ee97926829fd8a4337e434fa95f3c08/lucene-queryparser-7.1.0.jar:/worker/java/gradle-4.3.1/caches/modules-2/files-2.1/org.apache.lucene/lucene-sandbox/7.1.0/691f7b9ac05f3ad2ac7e80733ef70247904bd3ae/lucene-sandbox-7.1.0.jar:/worker/java/gradle-4.3.1/caches/modules-2/files-2.1/org.apache.lucene/lucene-spatial/7.1.0/6c64c04d802badb800516a8a574cb993929c3805/lucene-spatial-7.1.0.jar:/worker/java/gradle-4.3.1/caches/modules-2/files-2.1/org.apache.lucene/lucene-spatial-extras/7.1.0/3f1bc1aada8f06b176b782da24b9d7ad9641c41a/lucene-spatial-extras-7.1.0.jar:/worker/java/gradle-4.3.1/caches/modules-2/files-2.1/org.apache.lucene/lucene-spatial3d/7.1.0/8ded650aed23efb775f17be496e3e3870214e23b/lucene-spatial3d-7.1.0.jar:/worker/java/gradle-4.3.1/caches/modules-2/files-2.1/org.apache.lucene/lucene-suggest/7.1.0/8d0ed1589ebdccf34e888c6efc0134a13a238c85/lucene-suggest-7.1.0.jar:/worker/java/gradle-4.3.1/caches/modules-2/files-2.1/org.elasticsearch/securesm/1.2/4c28f5b634497d64b727961430a516f351a099d5/securesm-1.2.jar:/worker/java/gradle-4.3.1/caches/modules-2/files-2.1/com.carrotsearch/hppc/0.7.1/8b5057f74ea378c0150a1860874a3ebdcb713767/hppc-0.7.1.jar:/worker/java/gradle-4.3.1/caches/modules-2/files-2.1/joda-time/joda-time/2.9.5/5f01da7306363fad2028b916f3eab926262de928/joda-time-2.9.5.jar:/worker/java/gradle-4.3.1/caches/modules-2/files-2.1/org.yaml/snakeyaml/1.17/7a27ea250c5130b2922b86dea63cbb1cc10a660c/snakeyaml-1.17.jar:/worker/java/gradle-4.3.1/caches/modules-2/files-2.1/com.fasterxml.jackson.core/jackson-core/2.8.10/eb21a035c66ad307e66ec8fce37f5d50fd62d039/jackson-core-2.8.10.jar:/worker/java/gradle-4.3.1/caches/modules-2/files-2.1/com.fasterxml.jackson.dataformat/jackson-dataformat-smile/2.8.10/e853081fadaad3e98ed801937acc3d8f77580686/jackson-dataformat-smile-2.8.10.jar:/worker/java/gradle-4.3.1/caches/modules-2/files-2.1/com.fasterxml.jackson.dataformat/jackson-dataformat-yaml/2.8.10/1e08caf1d787c825307d8cc6362452086020d853/jackson-dataformat-yaml-2.8.10.jar:/worker/java/gradle-4.3.1/caches/modules-2/files-2.1/com.fasterxml.jackson.dataformat/jackson-dataformat-cbor/2.8.10/1c58cc9313ddf19f0900cd61ed044874278ce320/jackson-dataformat-cbor-2.8.10.jar:/worker/java/gradle-4.3.1/caches/modules-2/files-2.1/com.tdunning/t-digest/3.0/84ccf145ac2215e6bfa63baa3101c0af41017cfc/t-digest-3.0.jar:/worker/java/gradle-4.3.1/caches/modules-2/files-2.1/org.hdrhistogram/HdrHistogram/2.1.9/e4631ce165eb400edecfa32e03d3f1be53dee754/HdrHistogram-2.1.9.jar:/worker/java/gradle-4.3.1/caches/modules-2/files-2.1/org.locationtech.spatial4j/spatial4j/0.6/21b15310bddcfd8c72611c180f20cf23279809a3/spatial4j-0.6.jar:/worker/java/gradle-4.3.1/caches/modules-2/files-2.1/com.vividsolutions/jts/1.13/3ccfb9b60f04d71add996a666ceb8902904fd805/jts-1.13.jar:/worker/java/gradle-4.3.1/caches/modules-2/files-2.1/org.apache.logging.log4j/log4j-api/2.9.1/7a2999229464e7a324aa503c0a52ec0f05efe7bd/log4j-api-2.9.1.jar:/worker/java/gradle-4.3.1/caches/modules-2/files-2.1/org.apache.logging.log4j/log4j-core/2.9.1/c041978c686866ee8534f538c6220238db3bb6be/log4j-core-2.9.1.jar:/worker/java/gradle-4.3.1/caches/modules-2/files-2.1/org.apache.logging.log4j/log4j-1.2-api/2.9.1/894f96d677880d4ab834a1356f62b875e579caaa/log4j-1.2-api-2.9.1.jar:/worker/java/gradle-4.3.1/caches/modules-2/files-2.1/org.elasticsearch/jna/4.4.0-1/c9dfcec6f07ee4b1d7a6c09a7eaa9dd4fb6d2c79/jna-4.4.0-1.jar:/worker/java/gradle-4.3.1/caches/modules-2/files-2.1/net.sf.jopt-simple/jopt-simple/5.0.2/98cafc6081d5632b61be2c9e60650b64ddbc637c/jopt-simple-5.0.2.jar:/worker/java/gradle-4.3.1/caches/modules-2/files-2.1/com.carrotsearch.randomizedtesting/randomizedtesting-runner/2.5.2/91f3284993b44dcb2f003b5f28617abba13971d2/randomizedtesting-runner-2.5.2.jar:/worker/java/gradle-4.3.1/caches/modules-2/files-2.1/junit/junit/4.12/2973d150c0dc1fefe998f834810d68f278ea58ec/junit-4.12.jar:/worker/java/gradle-4.3.1/caches/modules-2/files-2.1/org.hamcrest/hamcrest-all/1.3/63a21ebc981131004ad02e0434e799fd7f3a8d5a/hamcrest-all-1.3.jar:/worker/java/gradle-4.3.1/caches/modules-2/files-2.1/org.apache.lucene/lucene-test-framework/7.1.0/12c68e1b8cb2e095a8e1d200ebd5efe35751a015/lucene-test-framework-7.1.0.jar:/worker/java/gradle-4.3.1/caches/modules-2/files-2.1/org.apache.lucene/lucene-codecs/7.1.0/b487621541f5a17946cf1ed634e5f48c802c6d28/lucene-codecs-7.1.0.jar:/worker/workspace/es/e610/client/rest/build/distributions/elasticsearch-rest-client-6.1.0-SNAPSHOT.jar:/worker/java/gradle-4.3.1/caches/modules-2/files-2.1/org.apache.httpcomponents/httpclient/4.5.2/733db77aa8d9b2d68015189df76ab06304406e50/httpclient-4.5.2.jar:/worker/java/gradle-4.3.1/caches/modules-2/files-2.1/org.apache.httpcomponents/httpcore/4.4.5/e7501a1b34325abb00d17dde96150604a0658b54/httpcore-4.4.5.jar:/worker/java/gradle-4.3.1/caches/modules-2/files-2.1/commons-logging/commons-logging/1.1.3/f6f66e966c70a83ffbdb6f17a0919eaf7c8aca7f/commons-logging-1.1.3.jar:/worker/java/gradle-4.3.1/caches/modules-2/files-2.1/commons-codec/commons-codec/1.10/4b95f4897fa13f2cd904aee711aeafc0c5295cd8/commons-codec-1.10.jar:/worker/java/gradle-4.3.1/caches/modules-2/files-2.1/org.elasticsearch/securemock/1.2/98201d4ad5ac93f6b415ae9172d52b5e7cda490e/securemock-1.2.jar:/worker/java/gradle-4.3.1/caches/modules-2/files-2.1/org.elasticsearch/mocksocket/1.2/190ad3f42fd6ab7367bae0c0e14d1dc4e4a3c361/mocksocket-1.2.jar:/worker/java/gradle-4.3.1/caches/modules-2/files-2.1/org.apache.httpcomponents/httpasyncclient/4.1.2/95aa3e6fb520191a0970a73cf09f62948ee614be/httpasyncclient-4.1.2.jar:/worker/java/gradle-4.3.1/caches/modules-2/files-2.1/org.apache.httpcomponents/httpcore-nio/4.4.5/f4be009e7505f6ceddf21e7960c759f413f15056/httpcore-nio-4.4.5.jar:/worker/java/gradle-4.3.1/caches/modules-2/files-2.1/com.carrotsearch.randomizedtesting/junit4-ant/2.5.2/b8f91682cfeb8f9196aad56ace9c9a13330acef6/junit4-ant-2.5.2.jar"/>
      <property name="java.class.version" value="52.0"/>
      <property name="java.endorsed.dirs" value="/Library/Java/JavaVirtualMachines/jdk1.8.0_151.jdk/Contents/Home/jre/lib/endorsed"/>
      <property name="java.ext.dirs" value="/Users/zscomehuyue/Library/Java/Extensions:/Library/Java/JavaVirtualMachines/jdk1.8.0_151.jdk/Contents/Home/jre/lib/ext:/Library/Java/Extensions:/Network/Library/Java/Extensions:/System/Library/Java/Extensions:/usr/lib/java"/>
      <property name="java.home" value="/Library/Java/JavaVirtualMachines/jdk1.8.0_151.jdk/Contents/Home/jre"/>
      <property name="java.io.tmpdir" value="./temp"/>
      <property name="java.library.path" value="/Users/zscomehuyue/Library/Java/Extensions:/Library/Java/Extensions:/Network/Library/Java/Extensions:/System/Library/Java/Extensions:/usr/lib/java:."/>
      <property name="java.runtime.name" value="Java(TM) SE Runtime Environment"/>
      <property name="java.runtime.version" value="1.8.0_151-b12"/>
      <property name="java.specification.name" value="Java Platform API Specification"/>
      <property name="java.specification.vendor" value="Oracle Corporation"/>
      <property name="java.specification.version" value="1.8"/>
      <property name="java.vendor" value="Oracle Corporation"/>
      <property name="java.vendor.url" value="http://java.oracle.com/"/>
      <property name="java.vendor.url.bug" value="http://bugreport.sun.com/bugreport/"/>
      <property name="java.version" value="1.8.0_151"/>
      <property name="java.vm.info" value="mixed mode"/>
      <property name="java.vm.name" value="Java HotSpot(TM) 64-Bit Server VM"/>
      <property name="java.vm.specification.name" value="Java Virtual Machine Specification"/>
      <property name="java.vm.specification.vendor" value="Oracle Corporation"/>
      <property name="java.vm.specification.version" value="1.8"/>
      <property name="java.vm.vendor" value="Oracle Corporation"/>
      <property name="java.vm.version" value="25.151-b12"/>
      <property name="jna.nosys" value="true"/>
      <property name="junit4.childvm.count" value="3"/>
      <property name="junit4.childvm.cwd" value="/worker/workspace/es/e610/distribution/tools/plugin-cli/build/testrun/test/J0"/>
      <property name="junit4.childvm.id" value="0"/>
      <property name="junit4.memory.total" value="514850816"/>
      <property name="junit4.pidString" value="2969@zscomehuyues-iMac.local"/>
      <property name="junit4.processors" value="4"/>
      <property name="line.separator" value="
"/>
      <property name="os.arch" value="x86_64"/>
      <property name="os.name" value="Mac OS X"/>
      <property name="os.version" value="10.13.4"/>
      <property name="path.separator" value=":"/>
      <property name="socksNonProxyHosts" value="local|*.local|169.254/16|*.169.254/16"/>
      <property name="sun.arch.data.model" value="64"/>
      <property name="sun.boot.class.path" value="/Library/Java/JavaVirtualMachines/jdk1.8.0_151.jdk/Contents/Home/jre/lib/resources.jar:/Library/Java/JavaVirtualMachines/jdk1.8.0_151.jdk/Contents/Home/jre/lib/rt.jar:/Library/Java/JavaVirtualMachines/jdk1.8.0_151.jdk/Contents/Home/jre/lib/sunrsasign.jar:/Library/Java/JavaVirtualMachines/jdk1.8.0_151.jdk/Contents/Home/jre/lib/jsse.jar:/Library/Java/JavaVirtualMachines/jdk1.8.0_151.jdk/Contents/Home/jre/lib/jce.jar:/Library/Java/JavaVirtualMachines/jdk1.8.0_151.jdk/Contents/Home/jre/lib/charsets.jar:/Library/Java/JavaVirtualMachines/jdk1.8.0_151.jdk/Contents/Home/jre/lib/jfr.jar:/Library/Java/JavaVirtualMachines/jdk1.8.0_151.jdk/Contents/Home/jre/classes"/>
      <property name="sun.boot.library.path" value="/Library/Java/JavaVirtualMachines/jdk1.8.0_151.jdk/Contents/Home/jre/lib"/>
      <property name="sun.cpu.endian" value="little"/>
      <property name="sun.cpu.isalist" value=""/>
      <property name="sun.io.unicode.encoding" value="UnicodeBig"/>
      <property name="sun.java.command" value="com.carrotsearch.ant.tasks.junit4.slave.SlaveMainSafe -eventsfile /worker/workspace/es/e610/distribution/tools/plugin-cli/build/testrun/test/temp/junit4-J0-20190203_042044_2001256308139486764239.events @/worker/workspace/es/e610/distribution/tools/plugin-cli/build/testrun/test/temp/junit4-J0-20190203_042044_2001150570642780201752.suites -stdin"/>
      <property name="sun.java.launcher" value="SUN_STANDARD"/>
      <property name="sun.jnu.encoding" value="UTF-8"/>
      <property name="sun.management.compiler" value="HotSpot 64-Bit Tiered Compilers"/>
      <property name="sun.os.patch.level" value="unknown"/>
      <property name="tests.artifact" value="plugin-cli"/>
      <property name="tests.gradle" value="true"/>
      <property name="tests.ifNoTests" value="fail"/>
      <property name="tests.logger.level" value="WARN"/>
      <property name="tests.prefix" value="tests"/>
      <property name="tests.security.manager" value="false"/>
      <property name="tests.seed" value="9095B484247F1010"/>
      <property name="tests.task" value=":distribution:tools:plugin-cli:test"/>
      <property name="user.country" value="CN"/>
      <property name="user.dir" value="/worker/workspace/es/e610/distribution/tools/plugin-cli/build/testrun/test/J0"/>
      <property name="user.home" value="/Users/zscomehuyue"/>
      <property name="user.language" value="zh"/>
      <property name="user.name" value="zscomehuyue"/>
      <property name="user.timezone" value=""/>
   </properties>
   <testcase classname="org.elasticsearch.plugins.InstallPluginCommandTests" name="testJarHell {p0=com.google.common.jimfs.JimfsFileSystem@5884a914 p1=org.elasticsearch.plugins.InstallPluginCommandTests$1Parameter$$Lambda$9/1896232624@50378a4}" time="0.235">
      <skipped></skipped>
   </testcase>
   <testcase classname="org.elasticsearch.plugins.InstallPluginCommandTests" name="testExistingConfig {p0=com.google.common.jimfs.JimfsFileSystem@5884a914 p1=org.elasticsearch.plugins.InstallPluginCommandTests$1Parameter$$Lambda$9/1896232624@50378a4}" time="0.332"/>
   <testcase classname="org.elasticsearch.plugins.InstallPluginCommandTests" name="testOfficialPluginsIncludesXpack {p0=com.google.common.jimfs.JimfsFileSystem@5884a914 p1=org.elasticsearch.plugins.InstallPluginCommandTests$1Parameter$$Lambda$9/1896232624@50378a4}" time="0.037"/>
   <testcase classname="org.elasticsearch.plugins.InstallPluginCommandTests" name="testInvalidShaFileContainingExtraLine {p0=com.google.common.jimfs.JimfsFileSystem@5884a914 p1=org.elasticsearch.plugins.InstallPluginCommandTests$1Parameter$$Lambda$9/1896232624@50378a4}" time="0.055"/>
   <testcase classname="org.elasticsearch.plugins.InstallPluginCommandTests" name="testMavenShaMissing {p0=com.google.common.jimfs.JimfsFileSystem@5884a914 p1=org.elasticsearch.plugins.InstallPluginCommandTests$1Parameter$$Lambda$9/1896232624@50378a4}" time="0.015"/>
   <testcase classname="org.elasticsearch.plugins.InstallPluginCommandTests" name="testMavenSha1Backcompat {p0=com.google.common.jimfs.JimfsFileSystem@5884a914 p1=org.elasticsearch.plugins.InstallPluginCommandTests$1Parameter$$Lambda$9/1896232624@50378a4}" time="0.016"/>
   <testcase classname="org.elasticsearch.plugins.InstallPluginCommandTests" name="testInvalidShaFileMismatchFilename {p0=com.google.common.jimfs.JimfsFileSystem@5884a914 p1=org.elasticsearch.plugins.InstallPluginCommandTests$1Parameter$$Lambda$9/1896232624@50378a4}" time="0.017"/>
   <testcase classname="org.elasticsearch.plugins.InstallPluginCommandTests" name="testQuietFlagEnabled {p0=com.google.common.jimfs.JimfsFileSystem@5884a914 p1=org.elasticsearch.plugins.InstallPluginCommandTests$1Parameter$$Lambda$9/1896232624@50378a4}" time="0.016"/>
   <testcase classname="org.elasticsearch.plugins.InstallPluginCommandTests" name="testOfficalPlugin {p0=com.google.common.jimfs.JimfsFileSystem@5884a914 p1=org.elasticsearch.plugins.InstallPluginCommandTests$1Parameter$$Lambda$9/1896232624@50378a4}" time="0.016"/>
   <testcase classname="org.elasticsearch.plugins.InstallPluginCommandTests" name="testSomethingWorks {p0=com.google.common.jimfs.JimfsFileSystem@5884a914 p1=org.elasticsearch.plugins.InstallPluginCommandTests$1Parameter$$Lambda$9/1896232624@50378a4}" time="0.012"/>
   <testcase classname="org.elasticsearch.plugins.InstallPluginCommandTests" name="testInstallFailsIfPreviouslyRemovedPluginFailed {p0=com.google.common.jimfs.JimfsFileSystem@5884a914 p1=org.elasticsearch.plugins.InstallPluginCommandTests$1Parameter$$Lambda$9/1896232624@50378a4}" time="0.012"/>
   <testcase classname="org.elasticsearch.plugins.InstallPluginCommandTests" name="testOfficalPluginStaging {p0=com.google.common.jimfs.JimfsFileSystem@5884a914 p1=org.elasticsearch.plugins.InstallPluginCommandTests$1Parameter$$Lambda$9/1896232624@50378a4}" time="0.012"/>
   <testcase classname="org.elasticsearch.plugins.InstallPluginCommandTests" name="testZipRelativeOutsideEntryName {p0=com.google.common.jimfs.JimfsFileSystem@5884a914 p1=org.elasticsearch.plugins.InstallPluginCommandTests$1Parameter$$Lambda$9/1896232624@50378a4}" time="0.009"/>
   <testcase classname="org.elasticsearch.plugins.InstallPluginCommandTests" name="testBinConflict {p0=com.google.common.jimfs.JimfsFileSystem@5884a914 p1=org.elasticsearch.plugins.InstallPluginCommandTests$1Parameter$$Lambda$9/1896232624@50378a4}" time="0.013"/>
   <testcase classname="org.elasticsearch.plugins.InstallPluginCommandTests" name="testConfigConflict {p0=com.google.common.jimfs.JimfsFileSystem@5884a914 p1=org.elasticsearch.plugins.InstallPluginCommandTests$1Parameter$$Lambda$9/1896232624@50378a4}" time="0.012"/>
   <testcase classname="org.elasticsearch.plugins.InstallPluginCommandTests" name="testPluginsDirReadOnly {p0=com.google.common.jimfs.JimfsFileSystem@5884a914 p1=org.elasticsearch.plugins.InstallPluginCommandTests$1Parameter$$Lambda$9/1896232624@50378a4}" time="0.005">
      <skipped></skipped>
   </testcase>
   <testcase classname="org.elasticsearch.plugins.InstallPluginCommandTests" name="testMissingPluginId {p0=com.google.common.jimfs.JimfsFileSystem@5884a914 p1=org.elasticsearch.plugins.InstallPluginCommandTests$1Parameter$$Lambda$9/1896232624@50378a4}" time="0.028"/>
   <testcase classname="org.elasticsearch.plugins.InstallPluginCommandTests" name="testMavenPlatformPlugin {p0=com.google.common.jimfs.JimfsFileSystem@5884a914 p1=org.elasticsearch.plugins.InstallPluginCommandTests$1Parameter$$Lambda$9/1896232624@50378a4}" time="0.122"/>
   <testcase classname="org.elasticsearch.plugins.InstallPluginCommandTests" name="testBinContainsDir {p0=com.google.common.jimfs.JimfsFileSystem@5884a914 p1=org.elasticsearch.plugins.InstallPluginCommandTests$1Parameter$$Lambda$9/1896232624@50378a4}" time="0.025"/>
   <testcase classname="org.elasticsearch.plugins.InstallPluginCommandTests" name="testIsolatedPlugins {p0=com.google.common.jimfs.JimfsFileSystem@5884a914 p1=org.elasticsearch.plugins.InstallPluginCommandTests$1Parameter$$Lambda$9/1896232624@50378a4}" time="0.032"/>
   <testcase classname="org.elasticsearch.plugins.InstallPluginCommandTests" name="testBinNotDir {p0=com.google.common.jimfs.JimfsFileSystem@5884a914 p1=org.elasticsearch.plugins.InstallPluginCommandTests$1Parameter$$Lambda$9/1896232624@50378a4}" time="0.081"/>
   <testcase classname="org.elasticsearch.plugins.InstallPluginCommandTests" name="testKeystoreRequiredCreated {p0=com.google.common.jimfs.JimfsFileSystem@5884a914 p1=org.elasticsearch.plugins.InstallPluginCommandTests$1Parameter$$Lambda$9/1896232624@50378a4}" time="0.678"/>
   <testcase classname="org.elasticsearch.plugins.InstallPluginCommandTests" name="testOfficialPluginsHelpSorted {p0=com.google.common.jimfs.JimfsFileSystem@5884a914 p1=org.elasticsearch.plugins.InstallPluginCommandTests$1Parameter$$Lambda$9/1896232624@50378a4}" time="0.008"/>
   <testcase classname="org.elasticsearch.plugins.InstallPluginCommandTests" name="testPluginAlreadyInstalled {p0=com.google.common.jimfs.JimfsFileSystem@5884a914 p1=org.elasticsearch.plugins.InstallPluginCommandTests$1Parameter$$Lambda$9/1896232624@50378a4}" time="0.013"/>
   <testcase classname="org.elasticsearch.plugins.InstallPluginCommandTests" name="testQuietFlagDisabled {p0=com.google.common.jimfs.JimfsFileSystem@5884a914 p1=org.elasticsearch.plugins.InstallPluginCommandTests$1Parameter$$Lambda$9/1896232624@50378a4}" time="0.01"/>
   <testcase classname="org.elasticsearch.plugins.InstallPluginCommandTests" name="testSha1Mismatch {p0=com.google.common.jimfs.JimfsFileSystem@5884a914 p1=org.elasticsearch.plugins.InstallPluginCommandTests$1Parameter$$Lambda$9/1896232624@50378a4}" time="0.013"/>
   <testcase classname="org.elasticsearch.plugins.InstallPluginCommandTests" name="testOfficalPlatformPluginStaging {p0=com.google.common.jimfs.JimfsFileSystem@5884a914 p1=org.elasticsearch.plugins.InstallPluginCommandTests$1Parameter$$Lambda$9/1896232624@50378a4}" time="0.015"/>
   <testcase classname="org.elasticsearch.plugins.InstallPluginCommandTests" name="testBuiltinModule {p0=com.google.common.jimfs.JimfsFileSystem@5884a914 p1=org.elasticsearch.plugins.InstallPluginCommandTests$1Parameter$$Lambda$9/1896232624@50378a4}" time="0.01"/>
   <testcase classname="org.elasticsearch.plugins.InstallPluginCommandTests" name="testConfigNotDir {p0=com.google.common.jimfs.JimfsFileSystem@5884a914 p1=org.elasticsearch.plugins.InstallPluginCommandTests$1Parameter$$Lambda$9/1896232624@50378a4}" time="0.012"/>
   <testcase classname="org.elasticsearch.plugins.InstallPluginCommandTests" name="testBinPermissions {p0=com.google.common.jimfs.JimfsFileSystem@5884a914 p1=org.elasticsearch.plugins.InstallPluginCommandTests$1Parameter$$Lambda$9/1896232624@50378a4}" time="0.011"/>
   <testcase classname="org.elasticsearch.plugins.InstallPluginCommandTests" name="testOfficalPlatformPlugin {p0=com.google.common.jimfs.JimfsFileSystem@5884a914 p1=org.elasticsearch.plugins.InstallPluginCommandTests$1Parameter$$Lambda$9/1896232624@50378a4}" time="0.051"/>
   <testcase classname="org.elasticsearch.plugins.InstallPluginCommandTests" name="testSpaceInUrl {p0=com.google.common.jimfs.JimfsFileSystem@5884a914 p1=org.elasticsearch.plugins.InstallPluginCommandTests$1Parameter$$Lambda$9/1896232624@50378a4}" time="0.019"/>
   <testcase classname="org.elasticsearch.plugins.InstallPluginCommandTests" name="testInstallMisspelledOfficialPlugins {p0=com.google.common.jimfs.JimfsFileSystem@5884a914 p1=org.elasticsearch.plugins.InstallPluginCommandTests$1Parameter$$Lambda$9/1896232624@50378a4}" time="0.013"/>
   <testcase classname="org.elasticsearch.plugins.InstallPluginCommandTests" name="testPluginPermissions {p0=com.google.common.jimfs.JimfsFileSystem@5884a914 p1=org.elasticsearch.plugins.InstallPluginCommandTests$1Parameter$$Lambda$9/1896232624@50378a4}" time="0.024"/>
   <testcase classname="org.elasticsearch.plugins.InstallPluginCommandTests" name="testInvalidShaFileMissingFilename {p0=com.google.common.jimfs.JimfsFileSystem@5884a914 p1=org.elasticsearch.plugins.InstallPluginCommandTests$1Parameter$$Lambda$9/1896232624@50378a4}" time="0.013"/>
   <testcase classname="org.elasticsearch.plugins.InstallPluginCommandTests" name="testMavenPlugin {p0=com.google.common.jimfs.JimfsFileSystem@5884a914 p1=org.elasticsearch.plugins.InstallPluginCommandTests$1Parameter$$Lambda$9/1896232624@50378a4}" time="0.018"/>
   <testcase classname="org.elasticsearch.plugins.InstallPluginCommandTests" name="testBin {p0=com.google.common.jimfs.JimfsFileSystem@5884a914 p1=org.elasticsearch.plugins.InstallPluginCommandTests$1Parameter$$Lambda$9/1896232624@50378a4}" time="0.016"/>
   <testcase classname="org.elasticsearch.plugins.InstallPluginCommandTests" name="testKeystoreRequiredAlreadyExists {p0=com.google.common.jimfs.JimfsFileSystem@5884a914 p1=org.elasticsearch.plugins.InstallPluginCommandTests$1Parameter$$Lambda$9/1896232624@50378a4}" time="0.16"/>
   <testcase classname="org.elasticsearch.plugins.InstallPluginCommandTests" name="testExistingPlugin {p0=com.google.common.jimfs.JimfsFileSystem@5884a914 p1=org.elasticsearch.plugins.InstallPluginCommandTests$1Parameter$$Lambda$9/1896232624@50378a4}" time="0.02"/>
   <testcase classname="org.elasticsearch.plugins.InstallPluginCommandTests" name="testSha512Mismatch {p0=com.google.common.jimfs.JimfsFileSystem@5884a914 p1=org.elasticsearch.plugins.InstallPluginCommandTests$1Parameter$$Lambda$9/1896232624@50378a4}" time="0.011"/>
   <testcase classname="org.elasticsearch.plugins.InstallPluginCommandTests" name="testConfigContainsDir {p0=com.google.common.jimfs.JimfsFileSystem@5884a914 p1=org.elasticsearch.plugins.InstallPluginCommandTests$1Parameter$$Lambda$9/1896232624@50378a4}" time="0.014"/>
   <testcase classname="org.elasticsearch.plugins.InstallPluginCommandTests" name="testMissingDirectory {p0=com.google.common.jimfs.JimfsFileSystem@5884a914 p1=org.elasticsearch.plugins.InstallPluginCommandTests$1Parameter$$Lambda$9/1896232624@50378a4}" time="0.01"/>
   <testcase classname="org.elasticsearch.plugins.InstallPluginCommandTests" name="testMalformedUrlNotMaven {p0=com.google.common.jimfs.JimfsFileSystem@5884a914 p1=org.elasticsearch.plugins.InstallPluginCommandTests$1Parameter$$Lambda$9/1896232624@50378a4}" time="0.005"/>
   <testcase classname="org.elasticsearch.plugins.InstallPluginCommandTests" name="testOfficialShaMissing {p0=com.google.common.jimfs.JimfsFileSystem@5884a914 p1=org.elasticsearch.plugins.InstallPluginCommandTests$1Parameter$$Lambda$9/1896232624@50378a4}" time="0.017"/>
   <testcase classname="org.elasticsearch.plugins.InstallPluginCommandTests" name="testConfig {p0=com.google.common.jimfs.JimfsFileSystem@5884a914 p1=org.elasticsearch.plugins.InstallPluginCommandTests$1Parameter$$Lambda$9/1896232624@50378a4}" time="0.021"/>
   <testcase classname="org.elasticsearch.plugins.InstallPluginCommandTests" name="testMissingDescriptor {p0=com.google.common.jimfs.JimfsFileSystem@5884a914 p1=org.elasticsearch.plugins.InstallPluginCommandTests$1Parameter$$Lambda$9/1896232624@50378a4}" time="0.008"/>
   <testcase classname="org.elasticsearch.plugins.InstallPluginCommandTests" name="testKeystoreNotRequired {p0=com.google.common.jimfs.JimfsFileSystem@5884a914 p1=org.elasticsearch.plugins.InstallPluginCommandTests$1Parameter$$Lambda$9/1896232624@50378a4}" time="0.023"/>
   <testcase classname="org.elasticsearch.plugins.InstallPluginCommandTests" name="testUnknownPlugin {p0=com.google.common.jimfs.JimfsFileSystem@5884a914 p1=org.elasticsearch.plugins.InstallPluginCommandTests$1Parameter$$Lambda$9/1896232624@50378a4}" time="0.003"/>
   <testcase classname="org.elasticsearch.plugins.InstallPluginCommandTests" name="testBatchFlag {p0=com.google.common.jimfs.JimfsFileSystem@5884a914 p1=org.elasticsearch.plugins.InstallPluginCommandTests$1Parameter$$Lambda$9/1896232624@50378a4}" time="0.029"/>
   <testcase classname="org.elasticsearch.plugins.InstallPluginCommandTests" name="testJarHell {p0=com.google.common.jimfs.JimfsFileSystem@491b9b8 p1=org.elasticsearch.plugins.InstallPluginCommandTests$1Parameter$$Lambda$9/1896232624@1a4927d6}" time="0.003">
      <skipped></skipped>
   </testcase>
   <testcase classname="org.elasticsearch.plugins.InstallPluginCommandTests" name="testExistingConfig {p0=com.google.common.jimfs.JimfsFileSystem@491b9b8 p1=org.elasticsearch.plugins.InstallPluginCommandTests$1Parameter$$Lambda$9/1896232624@1a4927d6}" time="0.015"/>
   <testcase classname="org.elasticsearch.plugins.InstallPluginCommandTests" name="testOfficialPluginsIncludesXpack {p0=com.google.common.jimfs.JimfsFileSystem@491b9b8 p1=org.elasticsearch.plugins.InstallPluginCommandTests$1Parameter$$Lambda$9/1896232624@1a4927d6}" time="0.008"/>
   <testcase classname="org.elasticsearch.plugins.InstallPluginCommandTests" name="testInvalidShaFileContainingExtraLine {p0=com.google.common.jimfs.JimfsFileSystem@491b9b8 p1=org.elasticsearch.plugins.InstallPluginCommandTests$1Parameter$$Lambda$9/1896232624@1a4927d6}" time="0.014"/>
   <testcase classname="org.elasticsearch.plugins.InstallPluginCommandTests" name="testMavenShaMissing {p0=com.google.common.jimfs.JimfsFileSystem@491b9b8 p1=org.elasticsearch.plugins.InstallPluginCommandTests$1Parameter$$Lambda$9/1896232624@1a4927d6}" time="0.02"/>
   <testcase classname="org.elasticsearch.plugins.InstallPluginCommandTests" name="testMavenSha1Backcompat {p0=com.google.common.jimfs.JimfsFileSystem@491b9b8 p1=org.elasticsearch.plugins.InstallPluginCommandTests$1Parameter$$Lambda$9/1896232624@1a4927d6}" time="0.023"/>
   <testcase classname="org.elasticsearch.plugins.InstallPluginCommandTests" name="testInvalidShaFileMismatchFilename {p0=com.google.common.jimfs.JimfsFileSystem@491b9b8 p1=org.elasticsearch.plugins.InstallPluginCommandTests$1Parameter$$Lambda$9/1896232624@1a4927d6}" time="0.015"/>
   <testcase classname="org.elasticsearch.plugins.InstallPluginCommandTests" name="testQuietFlagEnabled {p0=com.google.common.jimfs.JimfsFileSystem@491b9b8 p1=org.elasticsearch.plugins.InstallPluginCommandTests$1Parameter$$Lambda$9/1896232624@1a4927d6}" time="0.009"/>
   <testcase classname="org.elasticsearch.plugins.InstallPluginCommandTests" name="testOfficalPlugin {p0=com.google.common.jimfs.JimfsFileSystem@491b9b8 p1=org.elasticsearch.plugins.InstallPluginCommandTests$1Parameter$$Lambda$9/1896232624@1a4927d6}" time="0.01"/>
   <testcase classname="org.elasticsearch.plugins.InstallPluginCommandTests" name="testSomethingWorks {p0=com.google.common.jimfs.JimfsFileSystem@491b9b8 p1=org.elasticsearch.plugins.InstallPluginCommandTests$1Parameter$$Lambda$9/1896232624@1a4927d6}" time="0.022"/>
   <testcase classname="org.elasticsearch.plugins.InstallPluginCommandTests" name="testInstallFailsIfPreviouslyRemovedPluginFailed {p0=com.google.common.jimfs.JimfsFileSystem@491b9b8 p1=org.elasticsearch.plugins.InstallPluginCommandTests$1Parameter$$Lambda$9/1896232624@1a4927d6}" time="0.016"/>
   <testcase classname="org.elasticsearch.plugins.InstallPluginCommandTests" name="testOfficalPluginStaging {p0=com.google.common.jimfs.JimfsFileSystem@491b9b8 p1=org.elasticsearch.plugins.InstallPluginCommandTests$1Parameter$$Lambda$9/1896232624@1a4927d6}" time="0.011"/>
   <testcase classname="org.elasticsearch.plugins.InstallPluginCommandTests" name="testZipRelativeOutsideEntryName {p0=com.google.common.jimfs.JimfsFileSystem@491b9b8 p1=org.elasticsearch.plugins.InstallPluginCommandTests$1Parameter$$Lambda$9/1896232624@1a4927d6}" time="0.025"/>
   <testcase classname="org.elasticsearch.plugins.InstallPluginCommandTests" name="testBinConflict {p0=com.google.common.jimfs.JimfsFileSystem@491b9b8 p1=org.elasticsearch.plugins.InstallPluginCommandTests$1Parameter$$Lambda$9/1896232624@1a4927d6}" time="0.013"/>
   <testcase classname="org.elasticsearch.plugins.InstallPluginCommandTests" name="testConfigConflict {p0=com.google.common.jimfs.JimfsFileSystem@491b9b8 p1=org.elasticsearch.plugins.InstallPluginCommandTests$1Parameter$$Lambda$9/1896232624@1a4927d6}" time="0.023"/>
   <testcase classname="org.elasticsearch.plugins.InstallPluginCommandTests" name="testPluginsDirReadOnly {p0=com.google.common.jimfs.JimfsFileSystem@491b9b8 p1=org.elasticsearch.plugins.InstallPluginCommandTests$1Parameter$$Lambda$9/1896232624@1a4927d6}" time="0.003">
      <skipped></skipped>
   </testcase>
   <testcase classname="org.elasticsearch.plugins.InstallPluginCommandTests" name="testMissingPluginId {p0=com.google.common.jimfs.JimfsFileSystem@491b9b8 p1=org.elasticsearch.plugins.InstallPluginCommandTests$1Parameter$$Lambda$9/1896232624@1a4927d6}" time="0.004"/>
   <testcase classname="org.elasticsearch.plugins.InstallPluginCommandTests" name="testMavenPlatformPlugin {p0=com.google.common.jimfs.JimfsFileSystem@491b9b8 p1=org.elasticsearch.plugins.InstallPluginCommandTests$1Parameter$$Lambda$9/1896232624@1a4927d6}" time="0.014"/>
   <testcase classname="org.elasticsearch.plugins.InstallPluginCommandTests" name="testBinContainsDir {p0=com.google.common.jimfs.JimfsFileSystem@491b9b8 p1=org.elasticsearch.plugins.InstallPluginCommandTests$1Parameter$$Lambda$9/1896232624@1a4927d6}" time="0.01"/>
   <testcase classname="org.elasticsearch.plugins.InstallPluginCommandTests" name="testIsolatedPlugins {p0=com.google.common.jimfs.JimfsFileSystem@491b9b8 p1=org.elasticsearch.plugins.InstallPluginCommandTests$1Parameter$$Lambda$9/1896232624@1a4927d6}" time="0.02"/>
   <testcase classname="org.elasticsearch.plugins.InstallPluginCommandTests" name="testBinNotDir {p0=com.google.common.jimfs.JimfsFileSystem@491b9b8 p1=org.elasticsearch.plugins.InstallPluginCommandTests$1Parameter$$Lambda$9/1896232624@1a4927d6}" time="0.015"/>
   <testcase classname="org.elasticsearch.plugins.InstallPluginCommandTests" name="testKeystoreRequiredCreated {p0=com.google.common.jimfs.JimfsFileSystem@491b9b8 p1=org.elasticsearch.plugins.InstallPluginCommandTests$1Parameter$$Lambda$9/1896232624@1a4927d6}" time="0.098"/>
   <testcase classname="org.elasticsearch.plugins.InstallPluginCommandTests" name="testOfficialPluginsHelpSorted {p0=com.google.common.jimfs.JimfsFileSystem@491b9b8 p1=org.elasticsearch.plugins.InstallPluginCommandTests$1Parameter$$Lambda$9/1896232624@1a4927d6}" time="0.005"/>
   <testcase classname="org.elasticsearch.plugins.InstallPluginCommandTests" name="testPluginAlreadyInstalled {p0=com.google.common.jimfs.JimfsFileSystem@491b9b8 p1=org.elasticsearch.plugins.InstallPluginCommandTests$1Parameter$$Lambda$9/1896232624@1a4927d6}" time="0.013"/>
   <testcase classname="org.elasticsearch.plugins.InstallPluginCommandTests" name="testQuietFlagDisabled {p0=com.google.common.jimfs.JimfsFileSystem@491b9b8 p1=org.elasticsearch.plugins.InstallPluginCommandTests$1Parameter$$Lambda$9/1896232624@1a4927d6}" time="0.009"/>
   <testcase classname="org.elasticsearch.plugins.InstallPluginCommandTests" name="testSha1Mismatch {p0=com.google.common.jimfs.JimfsFileSystem@491b9b8 p1=org.elasticsearch.plugins.InstallPluginCommandTests$1Parameter$$Lambda$9/1896232624@1a4927d6}" time="0.013"/>
   <testcase classname="org.elasticsearch.plugins.InstallPluginCommandTests" name="testOfficalPlatformPluginStaging {p0=com.google.common.jimfs.JimfsFileSystem@491b9b8 p1=org.elasticsearch.plugins.InstallPluginCommandTests$1Parameter$$Lambda$9/1896232624@1a4927d6}" time="0.01"/>
   <testcase classname="org.elasticsearch.plugins.InstallPluginCommandTests" name="testBuiltinModule {p0=com.google.common.jimfs.JimfsFileSystem@491b9b8 p1=org.elasticsearch.plugins.InstallPluginCommandTests$1Parameter$$Lambda$9/1896232624@1a4927d6}" time="0.011"/>
   <testcase classname="org.elasticsearch.plugins.InstallPluginCommandTests" name="testConfigNotDir {p0=com.google.common.jimfs.JimfsFileSystem@491b9b8 p1=org.elasticsearch.plugins.InstallPluginCommandTests$1Parameter$$Lambda$9/1896232624@1a4927d6}" time="0.014"/>
   <testcase classname="org.elasticsearch.plugins.InstallPluginCommandTests" name="testBinPermissions {p0=com.google.common.jimfs.JimfsFileSystem@491b9b8 p1=org.elasticsearch.plugins.InstallPluginCommandTests$1Parameter$$Lambda$9/1896232624@1a4927d6}" time="0.003">
      <skipped></skipped>
   </testcase>
   <testcase classname="org.elasticsearch.plugins.InstallPluginCommandTests" name="testOfficalPlatformPlugin {p0=com.google.common.jimfs.JimfsFileSystem@491b9b8 p1=org.elasticsearch.plugins.InstallPluginCommandTests$1Parameter$$Lambda$9/1896232624@1a4927d6}" time="0.013"/>
   <testcase classname="org.elasticsearch.plugins.InstallPluginCommandTests" name="testSpaceInUrl {p0=com.google.common.jimfs.JimfsFileSystem@491b9b8 p1=org.elasticsearch.plugins.InstallPluginCommandTests$1Parameter$$Lambda$9/1896232624@1a4927d6}" time="0.015"/>
   <testcase classname="org.elasticsearch.plugins.InstallPluginCommandTests" name="testInstallMisspelledOfficialPlugins {p0=com.google.common.jimfs.JimfsFileSystem@491b9b8 p1=org.elasticsearch.plugins.InstallPluginCommandTests$1Parameter$$Lambda$9/1896232624@1a4927d6}" time="0.004"/>
   <testcase classname="org.elasticsearch.plugins.InstallPluginCommandTests" name="testPluginPermissions {p0=com.google.common.jimfs.JimfsFileSystem@491b9b8 p1=org.elasticsearch.plugins.InstallPluginCommandTests$1Parameter$$Lambda$9/1896232624@1a4927d6}" time="0.004">
      <skipped></skipped>
   </testcase>
   <testcase classname="org.elasticsearch.plugins.InstallPluginCommandTests" name="testInvalidShaFileMissingFilename {p0=com.google.common.jimfs.JimfsFileSystem@491b9b8 p1=org.elasticsearch.plugins.InstallPluginCommandTests$1Parameter$$Lambda$9/1896232624@1a4927d6}" time="0.013"/>
   <testcase classname="org.elasticsearch.plugins.InstallPluginCommandTests" name="testMavenPlugin {p0=com.google.common.jimfs.JimfsFileSystem@491b9b8 p1=org.elasticsearch.plugins.InstallPluginCommandTests$1Parameter$$Lambda$9/1896232624@1a4927d6}" time="0.018"/>
   <testcase classname="org.elasticsearch.plugins.InstallPluginCommandTests" name="testBin {p0=com.google.common.jimfs.JimfsFileSystem@491b9b8 p1=org.elasticsearch.plugins.InstallPluginCommandTests$1Parameter$$Lambda$9/1896232624@1a4927d6}" time="0.019"/>
   <testcase classname="org.elasticsearch.plugins.InstallPluginCommandTests" name="testKeystoreRequiredAlreadyExists {p0=com.google.common.jimfs.JimfsFileSystem@491b9b8 p1=org.elasticsearch.plugins.InstallPluginCommandTests$1Parameter$$Lambda$9/1896232624@1a4927d6}" time="0.133"/>
   <testcase classname="org.elasticsearch.plugins.InstallPluginCommandTests" name="testExistingPlugin {p0=com.google.common.jimfs.JimfsFileSystem@491b9b8 p1=org.elasticsearch.plugins.InstallPluginCommandTests$1Parameter$$Lambda$9/1896232624@1a4927d6}" time="0.017"/>
   <testcase classname="org.elasticsearch.plugins.InstallPluginCommandTests" name="testSha512Mismatch {p0=com.google.common.jimfs.JimfsFileSystem@491b9b8 p1=org.elasticsearch.plugins.InstallPluginCommandTests$1Parameter$$Lambda$9/1896232624@1a4927d6}" time="0.013"/>
   <testcase classname="org.elasticsearch.plugins.InstallPluginCommandTests" name="testConfigContainsDir {p0=com.google.common.jimfs.JimfsFileSystem@491b9b8 p1=org.elasticsearch.plugins.InstallPluginCommandTests$1Parameter$$Lambda$9/1896232624@1a4927d6}" time="0.016"/>
   <testcase classname="org.elasticsearch.plugins.InstallPluginCommandTests" name="testMissingDirectory {p0=com.google.common.jimfs.JimfsFileSystem@491b9b8 p1=org.elasticsearch.plugins.InstallPluginCommandTests$1Parameter$$Lambda$9/1896232624@1a4927d6}" time="0.015"/>
   <testcase classname="org.elasticsearch.plugins.InstallPluginCommandTests" name="testMalformedUrlNotMaven {p0=com.google.common.jimfs.JimfsFileSystem@491b9b8 p1=org.elasticsearch.plugins.InstallPluginCommandTests$1Parameter$$Lambda$9/1896232624@1a4927d6}" time="0.005"/>
   <testcase classname="org.elasticsearch.plugins.InstallPluginCommandTests" name="testOfficialShaMissing {p0=com.google.common.jimfs.JimfsFileSystem@491b9b8 p1=org.elasticsearch.plugins.InstallPluginCommandTests$1Parameter$$Lambda$9/1896232624@1a4927d6}" time="0.018"/>
   <testcase classname="org.elasticsearch.plugins.InstallPluginCommandTests" name="testConfig {p0=com.google.common.jimfs.JimfsFileSystem@491b9b8 p1=org.elasticsearch.plugins.InstallPluginCommandTests$1Parameter$$Lambda$9/1896232624@1a4927d6}" time="0.016"/>
   <testcase classname="org.elasticsearch.plugins.InstallPluginCommandTests" name="testMissingDescriptor {p0=com.google.common.jimfs.JimfsFileSystem@491b9b8 p1=org.elasticsearch.plugins.InstallPluginCommandTests$1Parameter$$Lambda$9/1896232624@1a4927d6}" time="0.009"/>
   <testcase classname="org.elasticsearch.plugins.InstallPluginCommandTests" name="testKeystoreNotRequired {p0=com.google.common.jimfs.JimfsFileSystem@491b9b8 p1=org.elasticsearch.plugins.InstallPluginCommandTests$1Parameter$$Lambda$9/1896232624@1a4927d6}" time="0.012"/>
   <testcase classname="org.elasticsearch.plugins.InstallPluginCommandTests" name="testUnknownPlugin {p0=com.google.common.jimfs.JimfsFileSystem@491b9b8 p1=org.elasticsearch.plugins.InstallPluginCommandTests$1Parameter$$Lambda$9/1896232624@1a4927d6}" time="0.003"/>
   <testcase classname="org.elasticsearch.plugins.InstallPluginCommandTests" name="testBatchFlag {p0=com.google.common.jimfs.JimfsFileSystem@491b9b8 p1=org.elasticsearch.plugins.InstallPluginCommandTests$1Parameter$$Lambda$9/1896232624@1a4927d6}" time="0.024"/>
   <testcase classname="org.elasticsearch.plugins.InstallPluginCommandTests" name="testJarHell {p0=com.google.common.jimfs.JimfsFileSystem@7a6d7e92 p1=org.elasticsearch.plugins.InstallPluginCommandTests$1Parameter$$Lambda$9/1896232624@aba625}" time="0.008">
      <skipped></skipped>
   </testcase>
   <testcase classname="org.elasticsearch.plugins.InstallPluginCommandTests" name="testExistingConfig {p0=com.google.common.jimfs.JimfsFileSystem@7a6d7e92 p1=org.elasticsearch.plugins.InstallPluginCommandTests$1Parameter$$Lambda$9/1896232624@aba625}" time="0.018"/>
   <testcase classname="org.elasticsearch.plugins.InstallPluginCommandTests" name="testOfficialPluginsIncludesXpack {p0=com.google.common.jimfs.JimfsFileSystem@7a6d7e92 p1=org.elasticsearch.plugins.InstallPluginCommandTests$1Parameter$$Lambda$9/1896232624@aba625}" time="0.009"/>
   <testcase classname="org.elasticsearch.plugins.InstallPluginCommandTests" name="testInvalidShaFileContainingExtraLine {p0=com.google.common.jimfs.JimfsFileSystem@7a6d7e92 p1=org.elasticsearch.plugins.InstallPluginCommandTests$1Parameter$$Lambda$9/1896232624@aba625}" time="0.014"/>
   <testcase classname="org.elasticsearch.plugins.InstallPluginCommandTests" name="testMavenShaMissing {p0=com.google.common.jimfs.JimfsFileSystem@7a6d7e92 p1=org.elasticsearch.plugins.InstallPluginCommandTests$1Parameter$$Lambda$9/1896232624@aba625}" time="0.009"/>
   <testcase classname="org.elasticsearch.plugins.InstallPluginCommandTests" name="testMavenSha1Backcompat {p0=com.google.common.jimfs.JimfsFileSystem@7a6d7e92 p1=org.elasticsearch.plugins.InstallPluginCommandTests$1Parameter$$Lambda$9/1896232624@aba625}" time="0.011"/>
   <testcase classname="org.elasticsearch.plugins.InstallPluginCommandTests" name="testInvalidShaFileMismatchFilename {p0=com.google.common.jimfs.JimfsFileSystem@7a6d7e92 p1=org.elasticsearch.plugins.InstallPluginCommandTests$1Parameter$$Lambda$9/1896232624@aba625}" time="0.013"/>
   <testcase classname="org.elasticsearch.plugins.InstallPluginCommandTests" name="testQuietFlagEnabled {p0=com.google.common.jimfs.JimfsFileSystem@7a6d7e92 p1=org.elasticsearch.plugins.InstallPluginCommandTests$1Parameter$$Lambda$9/1896232624@aba625}" time="0.009"/>
   <testcase classname="org.elasticsearch.plugins.InstallPluginCommandTests" name="testOfficalPlugin {p0=com.google.common.jimfs.JimfsFileSystem@7a6d7e92 p1=org.elasticsearch.plugins.InstallPluginCommandTests$1Parameter$$Lambda$9/1896232624@aba625}" time="0.01"/>
   <testcase classname="org.elasticsearch.plugins.InstallPluginCommandTests" name="testSomethingWorks {p0=com.google.common.jimfs.JimfsFileSystem@7a6d7e92 p1=org.elasticsearch.plugins.InstallPluginCommandTests$1Parameter$$Lambda$9/1896232624@aba625}" time="0.012"/>
   <testcase classname="org.elasticsearch.plugins.InstallPluginCommandTests" name="testInstallFailsIfPreviouslyRemovedPluginFailed {p0=com.google.common.jimfs.JimfsFileSystem@7a6d7e92 p1=org.elasticsearch.plugins.InstallPluginCommandTests$1Parameter$$Lambda$9/1896232624@aba625}" time="0.018"/>
   <testcase classname="org.elasticsearch.plugins.InstallPluginCommandTests" name="testOfficalPluginStaging {p0=com.google.common.jimfs.JimfsFileSystem@7a6d7e92 p1=org.elasticsearch.plugins.InstallPluginCommandTests$1Parameter$$Lambda$9/1896232624@aba625}" time="0.011"/>
   <testcase classname="org.elasticsearch.plugins.InstallPluginCommandTests" name="testZipRelativeOutsideEntryName {p0=com.google.common.jimfs.JimfsFileSystem@7a6d7e92 p1=org.elasticsearch.plugins.InstallPluginCommandTests$1Parameter$$Lambda$9/1896232624@aba625}" time="0.015"/>
   <testcase classname="org.elasticsearch.plugins.InstallPluginCommandTests" name="testBinConflict {p0=com.google.common.jimfs.JimfsFileSystem@7a6d7e92 p1=org.elasticsearch.plugins.InstallPluginCommandTests$1Parameter$$Lambda$9/1896232624@aba625}" time="0.016"/>
   <testcase classname="org.elasticsearch.plugins.InstallPluginCommandTests" name="testConfigConflict {p0=com.google.common.jimfs.JimfsFileSystem@7a6d7e92 p1=org.elasticsearch.plugins.InstallPluginCommandTests$1Parameter$$Lambda$9/1896232624@aba625}" time="0.021"/>
   <testcase classname="org.elasticsearch.plugins.InstallPluginCommandTests" name="testPluginsDirReadOnly {p0=com.google.common.jimfs.JimfsFileSystem@7a6d7e92 p1=org.elasticsearch.plugins.InstallPluginCommandTests$1Parameter$$Lambda$9/1896232624@aba625}" time="0.002">
      <skipped></skipped>
   </testcase>
   <testcase classname="org.elasticsearch.plugins.InstallPluginCommandTests" name="testMissingPluginId {p0=com.google.common.jimfs.JimfsFileSystem@7a6d7e92 p1=org.elasticsearch.plugins.InstallPluginCommandTests$1Parameter$$Lambda$9/1896232624@aba625}" time="0.002"/>
   <testcase classname="org.elasticsearch.plugins.InstallPluginCommandTests" name="testMavenPlatformPlugin {p0=com.google.common.jimfs.JimfsFileSystem@7a6d7e92 p1=org.elasticsearch.plugins.InstallPluginCommandTests$1Parameter$$Lambda$9/1896232624@aba625}" time="0.018"/>
   <testcase classname="org.elasticsearch.plugins.InstallPluginCommandTests" name="testBinContainsDir {p0=com.google.common.jimfs.JimfsFileSystem@7a6d7e92 p1=org.elasticsearch.plugins.InstallPluginCommandTests$1Parameter$$Lambda$9/1896232624@aba625}" time="0.032"/>
   <testcase classname="org.elasticsearch.plugins.InstallPluginCommandTests" name="testIsolatedPlugins {p0=com.google.common.jimfs.JimfsFileSystem@7a6d7e92 p1=org.elasticsearch.plugins.InstallPluginCommandTests$1Parameter$$Lambda$9/1896232624@aba625}" time="0.052"/>
   <testcase classname="org.elasticsearch.plugins.InstallPluginCommandTests" name="testBinNotDir {p0=com.google.common.jimfs.JimfsFileSystem@7a6d7e92 p1=org.elasticsearch.plugins.InstallPluginCommandTests$1Parameter$$Lambda$9/1896232624@aba625}" time="0.021"/>
   <testcase classname="org.elasticsearch.plugins.InstallPluginCommandTests" name="testKeystoreRequiredCreated {p0=com.google.common.jimfs.JimfsFileSystem@7a6d7e92 p1=org.elasticsearch.plugins.InstallPluginCommandTests$1Parameter$$Lambda$9/1896232624@aba625}" time="0.112"/>
   <testcase classname="org.elasticsearch.plugins.InstallPluginCommandTests" name="testOfficialPluginsHelpSorted {p0=com.google.common.jimfs.JimfsFileSystem@7a6d7e92 p1=org.elasticsearch.plugins.InstallPluginCommandTests$1Parameter$$Lambda$9/1896232624@aba625}" time="0.008"/>
   <testcase classname="org.elasticsearch.plugins.InstallPluginCommandTests" name="testPluginAlreadyInstalled {p0=com.google.common.jimfs.JimfsFileSystem@7a6d7e92 p1=org.elasticsearch.plugins.InstallPluginCommandTests$1Parameter$$Lambda$9/1896232624@aba625}" time="0.275"/>
   <testcase classname="org.elasticsearch.plugins.InstallPluginCommandTests" name="testQuietFlagDisabled {p0=com.google.common.jimfs.JimfsFileSystem@7a6d7e92 p1=org.elasticsearch.plugins.InstallPluginCommandTests$1Parameter$$Lambda$9/1896232624@aba625}" time="0.051"/>
   <testcase classname="org.elasticsearch.plugins.InstallPluginCommandTests" name="testSha1Mismatch {p0=com.google.common.jimfs.JimfsFileSystem@7a6d7e92 p1=org.elasticsearch.plugins.InstallPluginCommandTests$1Parameter$$Lambda$9/1896232624@aba625}" time="0.014"/>
   <testcase classname="org.elasticsearch.plugins.InstallPluginCommandTests" name="testOfficalPlatformPluginStaging {p0=com.google.common.jimfs.JimfsFileSystem@7a6d7e92 p1=org.elasticsearch.plugins.InstallPluginCommandTests$1Parameter$$Lambda$9/1896232624@aba625}" time="0.022"/>
   <testcase classname="org.elasticsearch.plugins.InstallPluginCommandTests" name="testBuiltinModule {p0=com.google.common.jimfs.JimfsFileSystem@7a6d7e92 p1=org.elasticsearch.plugins.InstallPluginCommandTests$1Parameter$$Lambda$9/1896232624@aba625}" time="0.01"/>
   <testcase classname="org.elasticsearch.plugins.InstallPluginCommandTests" name="testConfigNotDir {p0=com.google.common.jimfs.JimfsFileSystem@7a6d7e92 p1=org.elasticsearch.plugins.InstallPluginCommandTests$1Parameter$$Lambda$9/1896232624@aba625}" time="0.011"/>
   <testcase classname="org.elasticsearch.plugins.InstallPluginCommandTests" name="testBinPermissions {p0=com.google.common.jimfs.JimfsFileSystem@7a6d7e92 p1=org.elasticsearch.plugins.InstallPluginCommandTests$1Parameter$$Lambda$9/1896232624@aba625}" time="0.021"/>
   <testcase classname="org.elasticsearch.plugins.InstallPluginCommandTests" name="testOfficalPlatformPlugin {p0=com.google.common.jimfs.JimfsFileSystem@7a6d7e92 p1=org.elasticsearch.plugins.InstallPluginCommandTests$1Parameter$$Lambda$9/1896232624@aba625}" time="0.011"/>
   <testcase classname="org.elasticsearch.plugins.InstallPluginCommandTests" name="testSpaceInUrl {p0=com.google.common.jimfs.JimfsFileSystem@7a6d7e92 p1=org.elasticsearch.plugins.InstallPluginCommandTests$1Parameter$$Lambda$9/1896232624@aba625}" time="0.011"/>
   <testcase classname="org.elasticsearch.plugins.InstallPluginCommandTests" name="testInstallMisspelledOfficialPlugins {p0=com.google.common.jimfs.JimfsFileSystem@7a6d7e92 p1=org.elasticsearch.plugins.InstallPluginCommandTests$1Parameter$$Lambda$9/1896232624@aba625}" time="0.002"/>
   <testcase classname="org.elasticsearch.plugins.InstallPluginCommandTests" name="testPluginPermissions {p0=com.google.common.jimfs.JimfsFileSystem@7a6d7e92 p1=org.elasticsearch.plugins.InstallPluginCommandTests$1Parameter$$Lambda$9/1896232624@aba625}" time="0.01"/>
   <testcase classname="org.elasticsearch.plugins.InstallPluginCommandTests" name="testInvalidShaFileMissingFilename {p0=com.google.common.jimfs.JimfsFileSystem@7a6d7e92 p1=org.elasticsearch.plugins.InstallPluginCommandTests$1Parameter$$Lambda$9/1896232624@aba625}" time="0.01"/>
   <testcase classname="org.elasticsearch.plugins.InstallPluginCommandTests" name="testMavenPlugin {p0=com.google.common.jimfs.JimfsFileSystem@7a6d7e92 p1=org.elasticsearch.plugins.InstallPluginCommandTests$1Parameter$$Lambda$9/1896232624@aba625}" time="0.01"/>
   <testcase classname="org.elasticsearch.plugins.InstallPluginCommandTests" name="testBin {p0=com.google.common.jimfs.JimfsFileSystem@7a6d7e92 p1=org.elasticsearch.plugins.InstallPluginCommandTests$1Parameter$$Lambda$9/1896232624@aba625}" time="0.01"/>
   <testcase classname="org.elasticsearch.plugins.InstallPluginCommandTests" name="testKeystoreRequiredAlreadyExists {p0=com.google.common.jimfs.JimfsFileSystem@7a6d7e92 p1=org.elasticsearch.plugins.InstallPluginCommandTests$1Parameter$$Lambda$9/1896232624@aba625}" time="0.093"/>
   <testcase classname="org.elasticsearch.plugins.InstallPluginCommandTests" name="testExistingPlugin {p0=com.google.common.jimfs.JimfsFileSystem@7a6d7e92 p1=org.elasticsearch.plugins.InstallPluginCommandTests$1Parameter$$Lambda$9/1896232624@aba625}" time="0.016"/>
   <testcase classname="org.elasticsearch.plugins.InstallPluginCommandTests" name="testSha512Mismatch {p0=com.google.common.jimfs.JimfsFileSystem@7a6d7e92 p1=org.elasticsearch.plugins.InstallPluginCommandTests$1Parameter$$Lambda$9/1896232624@aba625}" time="0.01"/>
   <testcase classname="org.elasticsearch.plugins.InstallPluginCommandTests" name="testConfigContainsDir {p0=com.google.common.jimfs.JimfsFileSystem@7a6d7e92 p1=org.elasticsearch.plugins.InstallPluginCommandTests$1Parameter$$Lambda$9/1896232624@aba625}" time="0.01"/>
   <testcase classname="org.elasticsearch.plugins.InstallPluginCommandTests" name="testMissingDirectory {p0=com.google.common.jimfs.JimfsFileSystem@7a6d7e92 p1=org.elasticsearch.plugins.InstallPluginCommandTests$1Parameter$$Lambda$9/1896232624@aba625}" time="0.008"/>
   <testcase classname="org.elasticsearch.plugins.InstallPluginCommandTests" name="testMalformedUrlNotMaven {p0=com.google.common.jimfs.JimfsFileSystem@7a6d7e92 p1=org.elasticsearch.plugins.InstallPluginCommandTests$1Parameter$$Lambda$9/1896232624@aba625}" time="0.002"/>
   <testcase classname="org.elasticsearch.plugins.InstallPluginCommandTests" name="testOfficialShaMissing {p0=com.google.common.jimfs.JimfsFileSystem@7a6d7e92 p1=org.elasticsearch.plugins.InstallPluginCommandTests$1Parameter$$Lambda$9/1896232624@aba625}" time="0.012"/>
   <testcase classname="org.elasticsearch.plugins.InstallPluginCommandTests" name="testConfig {p0=com.google.common.jimfs.JimfsFileSystem@7a6d7e92 p1=org.elasticsearch.plugins.InstallPluginCommandTests$1Parameter$$Lambda$9/1896232624@aba625}" time="0.01"/>
   <testcase classname="org.elasticsearch.plugins.InstallPluginCommandTests" name="testMissingDescriptor {p0=com.google.common.jimfs.JimfsFileSystem@7a6d7e92 p1=org.elasticsearch.plugins.InstallPluginCommandTests$1Parameter$$Lambda$9/1896232624@aba625}" time="0.009"/>
   <testcase classname="org.elasticsearch.plugins.InstallPluginCommandTests" name="testKeystoreNotRequired {p0=com.google.common.jimfs.JimfsFileSystem@7a6d7e92 p1=org.elasticsearch.plugins.InstallPluginCommandTests$1Parameter$$Lambda$9/1896232624@aba625}" time="0.009"/>
   <testcase classname="org.elasticsearch.plugins.InstallPluginCommandTests" name="testUnknownPlugin {p0=com.google.common.jimfs.JimfsFileSystem@7a6d7e92 p1=org.elasticsearch.plugins.InstallPluginCommandTests$1Parameter$$Lambda$9/1896232624@aba625}" time="0.002"/>
   <testcase classname="org.elasticsearch.plugins.InstallPluginCommandTests" name="testBatchFlag {p0=com.google.common.jimfs.JimfsFileSystem@7a6d7e92 p1=org.elasticsearch.plugins.InstallPluginCommandTests$1Parameter$$Lambda$9/1896232624@aba625}" time="0.021"/>
   <testcase classname="org.elasticsearch.plugins.InstallPluginCommandTests" name="testJarHell {p0=sun.nio.fs.MacOSXFileSystem@97e93f1 p1=org.elasticsearch.plugins.InstallPluginCommandTests$$Lambda$10/253601149@5a5a729f}" time="0.06"/>
   <testcase classname="org.elasticsearch.plugins.InstallPluginCommandTests" name="testExistingConfig {p0=sun.nio.fs.MacOSXFileSystem@97e93f1 p1=org.elasticsearch.plugins.InstallPluginCommandTests$$Lambda$10/253601149@5a5a729f}" time="0.043"/>
   <testcase classname="org.elasticsearch.plugins.InstallPluginCommandTests" name="testOfficialPluginsIncludesXpack {p0=sun.nio.fs.MacOSXFileSystem@97e93f1 p1=org.elasticsearch.plugins.InstallPluginCommandTests$$Lambda$10/253601149@5a5a729f}" time="0.004"/>
   <testcase classname="org.elasticsearch.plugins.InstallPluginCommandTests" name="testInvalidShaFileContainingExtraLine {p0=sun.nio.fs.MacOSXFileSystem@97e93f1 p1=org.elasticsearch.plugins.InstallPluginCommandTests$$Lambda$10/253601149@5a5a729f}" time="0.027"/>
   <testcase classname="org.elasticsearch.plugins.InstallPluginCommandTests" name="testMavenShaMissing {p0=sun.nio.fs.MacOSXFileSystem@97e93f1 p1=org.elasticsearch.plugins.InstallPluginCommandTests$$Lambda$10/253601149@5a5a729f}" time="0.017"/>
   <testcase classname="org.elasticsearch.plugins.InstallPluginCommandTests" name="testMavenSha1Backcompat {p0=sun.nio.fs.MacOSXFileSystem@97e93f1 p1=org.elasticsearch.plugins.InstallPluginCommandTests$$Lambda$10/253601149@5a5a729f}" time="0.014"/>
   <testcase classname="org.elasticsearch.plugins.InstallPluginCommandTests" name="testInvalidShaFileMismatchFilename {p0=sun.nio.fs.MacOSXFileSystem@97e93f1 p1=org.elasticsearch.plugins.InstallPluginCommandTests$$Lambda$10/253601149@5a5a729f}" time="0.013"/>
   <testcase classname="org.elasticsearch.plugins.InstallPluginCommandTests" name="testQuietFlagEnabled {p0=sun.nio.fs.MacOSXFileSystem@97e93f1 p1=org.elasticsearch.plugins.InstallPluginCommandTests$$Lambda$10/253601149@5a5a729f}" time="0.012"/>
   <testcase classname="org.elasticsearch.plugins.InstallPluginCommandTests" name="testOfficalPlugin {p0=sun.nio.fs.MacOSXFileSystem@97e93f1 p1=org.elasticsearch.plugins.InstallPluginCommandTests$$Lambda$10/253601149@5a5a729f}" time="0.017"/>
   <testcase classname="org.elasticsearch.plugins.InstallPluginCommandTests" name="testSomethingWorks {p0=sun.nio.fs.MacOSXFileSystem@97e93f1 p1=org.elasticsearch.plugins.InstallPluginCommandTests$$Lambda$10/253601149@5a5a729f}" time="0.017"/>
   <testcase classname="org.elasticsearch.plugins.InstallPluginCommandTests" name="testInstallFailsIfPreviouslyRemovedPluginFailed {p0=sun.nio.fs.MacOSXFileSystem@97e93f1 p1=org.elasticsearch.plugins.InstallPluginCommandTests$$Lambda$10/253601149@5a5a729f}" time="0.089"/>
   <testcase classname="org.elasticsearch.plugins.InstallPluginCommandTests" name="testOfficalPluginStaging {p0=sun.nio.fs.MacOSXFileSystem@97e93f1 p1=org.elasticsearch.plugins.InstallPluginCommandTests$$Lambda$10/253601149@5a5a729f}" time="0.014"/>
   <testcase classname="org.elasticsearch.plugins.InstallPluginCommandTests" name="testZipRelativeOutsideEntryName {p0=sun.nio.fs.MacOSXFileSystem@97e93f1 p1=org.elasticsearch.plugins.InstallPluginCommandTests$$Lambda$10/253601149@5a5a729f}" time="0.01"/>
   <testcase classname="org.elasticsearch.plugins.InstallPluginCommandTests" name="testBinConflict {p0=sun.nio.fs.MacOSXFileSystem@97e93f1 p1=org.elasticsearch.plugins.InstallPluginCommandTests$$Lambda$10/253601149@5a5a729f}" time="0.019"/>
   <testcase classname="org.elasticsearch.plugins.InstallPluginCommandTests" name="testConfigConflict {p0=sun.nio.fs.MacOSXFileSystem@97e93f1 p1=org.elasticsearch.plugins.InstallPluginCommandTests$$Lambda$10/253601149@5a5a729f}" time="0.023"/>
   <testcase classname="org.elasticsearch.plugins.InstallPluginCommandTests" name="testPluginsDirReadOnly {p0=sun.nio.fs.MacOSXFileSystem@97e93f1 p1=org.elasticsearch.plugins.InstallPluginCommandTests$$Lambda$10/253601149@5a5a729f}" time="0.022"/>
   <testcase classname="org.elasticsearch.plugins.InstallPluginCommandTests" name="testMissingPluginId {p0=sun.nio.fs.MacOSXFileSystem@97e93f1 p1=org.elasticsearch.plugins.InstallPluginCommandTests$$Lambda$10/253601149@5a5a729f}" time="0.004"/>
   <testcase classname="org.elasticsearch.plugins.InstallPluginCommandTests" name="testMavenPlatformPlugin {p0=sun.nio.fs.MacOSXFileSystem@97e93f1 p1=org.elasticsearch.plugins.InstallPluginCommandTests$$Lambda$10/253601149@5a5a729f}" time="0.033"/>
   <testcase classname="org.elasticsearch.plugins.InstallPluginCommandTests" name="testBinContainsDir {p0=sun.nio.fs.MacOSXFileSystem@97e93f1 p1=org.elasticsearch.plugins.InstallPluginCommandTests$$Lambda$10/253601149@5a5a729f}" time="0.024"/>
   <testcase classname="org.elasticsearch.plugins.InstallPluginCommandTests" name="testIsolatedPlugins {p0=sun.nio.fs.MacOSXFileSystem@97e93f1 p1=org.elasticsearch.plugins.InstallPluginCommandTests$$Lambda$10/253601149@5a5a729f}" time="0.033"/>
   <testcase classname="org.elasticsearch.plugins.InstallPluginCommandTests" name="testBinNotDir {p0=sun.nio.fs.MacOSXFileSystem@97e93f1 p1=org.elasticsearch.plugins.InstallPluginCommandTests$$Lambda$10/253601149@5a5a729f}" time="0.014"/>
   <testcase classname="org.elasticsearch.plugins.InstallPluginCommandTests" name="testKeystoreRequiredCreated {p0=sun.nio.fs.MacOSXFileSystem@97e93f1 p1=org.elasticsearch.plugins.InstallPluginCommandTests$$Lambda$10/253601149@5a5a729f}" time="0.104"/>
   <testcase classname="org.elasticsearch.plugins.InstallPluginCommandTests" name="testOfficialPluginsHelpSorted {p0=sun.nio.fs.MacOSXFileSystem@97e93f1 p1=org.elasticsearch.plugins.InstallPluginCommandTests$$Lambda$10/253601149@5a5a729f}" time="0.011"/>
   <testcase classname="org.elasticsearch.plugins.InstallPluginCommandTests" name="testPluginAlreadyInstalled {p0=sun.nio.fs.MacOSXFileSystem@97e93f1 p1=org.elasticsearch.plugins.InstallPluginCommandTests$$Lambda$10/253601149@5a5a729f}" time="0.028"/>
   <testcase classname="org.elasticsearch.plugins.InstallPluginCommandTests" name="testQuietFlagDisabled {p0=sun.nio.fs.MacOSXFileSystem@97e93f1 p1=org.elasticsearch.plugins.InstallPluginCommandTests$$Lambda$10/253601149@5a5a729f}" time="0.018"/>
   <testcase classname="org.elasticsearch.plugins.InstallPluginCommandTests" name="testSha1Mismatch {p0=sun.nio.fs.MacOSXFileSystem@97e93f1 p1=org.elasticsearch.plugins.InstallPluginCommandTests$$Lambda$10/253601149@5a5a729f}" time="0.013"/>
   <testcase classname="org.elasticsearch.plugins.InstallPluginCommandTests" name="testOfficalPlatformPluginStaging {p0=sun.nio.fs.MacOSXFileSystem@97e93f1 p1=org.elasticsearch.plugins.InstallPluginCommandTests$$Lambda$10/253601149@5a5a729f}" time="0.018"/>
   <testcase classname="org.elasticsearch.plugins.InstallPluginCommandTests" name="testBuiltinModule {p0=sun.nio.fs.MacOSXFileSystem@97e93f1 p1=org.elasticsearch.plugins.InstallPluginCommandTests$$Lambda$10/253601149@5a5a729f}" time="0.037"/>
   <testcase classname="org.elasticsearch.plugins.InstallPluginCommandTests" name="testConfigNotDir {p0=sun.nio.fs.MacOSXFileSystem@97e93f1 p1=org.elasticsearch.plugins.InstallPluginCommandTests$$Lambda$10/253601149@5a5a729f}" time="0.018"/>
   <testcase classname="org.elasticsearch.plugins.InstallPluginCommandTests" name="testBinPermissions {p0=sun.nio.fs.MacOSXFileSystem@97e93f1 p1=org.elasticsearch.plugins.InstallPluginCommandTests$$Lambda$10/253601149@5a5a729f}" time="0.018"/>
   <testcase classname="org.elasticsearch.plugins.InstallPluginCommandTests" name="testOfficalPlatformPlugin {p0=sun.nio.fs.MacOSXFileSystem@97e93f1 p1=org.elasticsearch.plugins.InstallPluginCommandTests$$Lambda$10/253601149@5a5a729f}" time="0.02"/>
   <testcase classname="org.elasticsearch.plugins.InstallPluginCommandTests" name="testSpaceInUrl {p0=sun.nio.fs.MacOSXFileSystem@97e93f1 p1=org.elasticsearch.plugins.InstallPluginCommandTests$$Lambda$10/253601149@5a5a729f}" time="0.032"/>
   <testcase classname="org.elasticsearch.plugins.InstallPluginCommandTests" name="testInstallMisspelledOfficialPlugins {p0=sun.nio.fs.MacOSXFileSystem@97e93f1 p1=org.elasticsearch.plugins.InstallPluginCommandTests$$Lambda$10/253601149@5a5a729f}" time="0.006"/>
   <testcase classname="org.elasticsearch.plugins.InstallPluginCommandTests" name="testPluginPermissions {p0=sun.nio.fs.MacOSXFileSystem@97e93f1 p1=org.elasticsearch.plugins.InstallPluginCommandTests$$Lambda$10/253601149@5a5a729f}" time="0.022"/>
   <testcase classname="org.elasticsearch.plugins.InstallPluginCommandTests" name="testInvalidShaFileMissingFilename {p0=sun.nio.fs.MacOSXFileSystem@97e93f1 p1=org.elasticsearch.plugins.InstallPluginCommandTests$$Lambda$10/253601149@5a5a729f}" time="0.015"/>
   <testcase classname="org.elasticsearch.plugins.InstallPluginCommandTests" name="testMavenPlugin {p0=sun.nio.fs.MacOSXFileSystem@97e93f1 p1=org.elasticsearch.plugins.InstallPluginCommandTests$$Lambda$10/253601149@5a5a729f}" time="0.016"/>
   <testcase classname="org.elasticsearch.plugins.InstallPluginCommandTests" name="testBin {p0=sun.nio.fs.MacOSXFileSystem@97e93f1 p1=org.elasticsearch.plugins.InstallPluginCommandTests$$Lambda$10/253601149@5a5a729f}" time="0.017"/>
   <testcase classname="org.elasticsearch.plugins.InstallPluginCommandTests" name="testKeystoreRequiredAlreadyExists {p0=sun.nio.fs.MacOSXFileSystem@97e93f1 p1=org.elasticsearch.plugins.InstallPluginCommandTests$$Lambda$10/253601149@5a5a729f}" time="0.115"/>
   <testcase classname="org.elasticsearch.plugins.InstallPluginCommandTests" name="testExistingPlugin {p0=sun.nio.fs.MacOSXFileSystem@97e93f1 p1=org.elasticsearch.plugins.InstallPluginCommandTests$$Lambda$10/253601149@5a5a729f}" time="0.019"/>
   <testcase classname="org.elasticsearch.plugins.InstallPluginCommandTests" name="testSha512Mismatch {p0=sun.nio.fs.MacOSXFileSystem@97e93f1 p1=org.elasticsearch.plugins.InstallPluginCommandTests$$Lambda$10/253601149@5a5a729f}" time="0.016"/>
   <testcase classname="org.elasticsearch.plugins.InstallPluginCommandTests" name="testConfigContainsDir {p0=sun.nio.fs.MacOSXFileSystem@97e93f1 p1=org.elasticsearch.plugins.InstallPluginCommandTests$$Lambda$10/253601149@5a5a729f}" time="0.022"/>
   <testcase classname="org.elasticsearch.plugins.InstallPluginCommandTests" name="testMissingDirectory {p0=sun.nio.fs.MacOSXFileSystem@97e93f1 p1=org.elasticsearch.plugins.InstallPluginCommandTests$$Lambda$10/253601149@5a5a729f}" time="0.013"/>
   <testcase classname="org.elasticsearch.plugins.InstallPluginCommandTests" name="testMalformedUrlNotMaven {p0=sun.nio.fs.MacOSXFileSystem@97e93f1 p1=org.elasticsearch.plugins.InstallPluginCommandTests$$Lambda$10/253601149@5a5a729f}" time="0.005"/>
   <testcase classname="org.elasticsearch.plugins.InstallPluginCommandTests" name="testOfficialShaMissing {p0=sun.nio.fs.MacOSXFileSystem@97e93f1 p1=org.elasticsearch.plugins.InstallPluginCommandTests$$Lambda$10/253601149@5a5a729f}" time="0.015"/>
   <testcase classname="org.elasticsearch.plugins.InstallPluginCommandTests" name="testConfig {p0=sun.nio.fs.MacOSXFileSystem@97e93f1 p1=org.elasticsearch.plugins.InstallPluginCommandTests$$Lambda$10/253601149@5a5a729f}" time="0.019"/>
   <testcase classname="org.elasticsearch.plugins.InstallPluginCommandTests" name="testMissingDescriptor {p0=sun.nio.fs.MacOSXFileSystem@97e93f1 p1=org.elasticsearch.plugins.InstallPluginCommandTests$$Lambda$10/253601149@5a5a729f}" time="0.014"/>
   <testcase classname="org.elasticsearch.plugins.InstallPluginCommandTests" name="testKeystoreNotRequired {p0=sun.nio.fs.MacOSXFileSystem@97e93f1 p1=org.elasticsearch.plugins.InstallPluginCommandTests$$Lambda$10/253601149@5a5a729f}" time="0.035"/>
   <testcase classname="org.elasticsearch.plugins.InstallPluginCommandTests" name="testUnknownPlugin {p0=sun.nio.fs.MacOSXFileSystem@97e93f1 p1=org.elasticsearch.plugins.InstallPluginCommandTests$$Lambda$10/253601149@5a5a729f}" time="0.004"/>
   <testcase classname="org.elasticsearch.plugins.InstallPluginCommandTests" name="testBatchFlag {p0=sun.nio.fs.MacOSXFileSystem@97e93f1 p1=org.elasticsearch.plugins.InstallPluginCommandTests$$Lambda$10/253601149@5a5a729f}" time="0.018"/>
   <system-out><![CDATA[[2019-02-02T16:20:48,492][INFO ][o.e.p.InstallPluginCommandTests] [testJarHell {p0=com.google.common.jimfs.JimfsFileSystem@5884a914 p1=org.elasticsearch.plugins.InstallPluginCommandTests$1Parameter$$Lambda$9/1896232624@50378a4}]: before test
[2019-02-02T16:20:48,689][INFO ][o.e.p.InstallPluginCommandTests] [testJarHell {p0=com.google.common.jimfs.JimfsFileSystem@5884a914 p1=org.elasticsearch.plugins.InstallPluginCommandTests$1Parameter$$Lambda$9/1896232624@50378a4}]: after test
[2019-02-02T16:20:48,697][INFO ][o.e.p.InstallPluginCommandTests] [testExistingConfig {p0=com.google.common.jimfs.JimfsFileSystem@5884a914 p1=org.elasticsearch.plugins.InstallPluginCommandTests$1Parameter$$Lambda$9/1896232624@50378a4}]: before test
[2019-02-02T16:20:49,026][INFO ][o.e.p.InstallPluginCommandTests] [testExistingConfig {p0=com.google.common.jimfs.JimfsFileSystem@5884a914 p1=org.elasticsearch.plugins.InstallPluginCommandTests$1Parameter$$Lambda$9/1896232624@50378a4}]: after test
[2019-02-02T16:20:49,031][INFO ][o.e.p.InstallPluginCommandTests] [testOfficialPluginsIncludesXpack {p0=com.google.common.jimfs.JimfsFileSystem@5884a914 p1=org.elasticsearch.plugins.InstallPluginCommandTests$1Parameter$$Lambda$9/1896232624@50378a4}]: before test
[2019-02-02T16:20:49,063][INFO ][o.e.p.InstallPluginCommandTests] [testOfficialPluginsIncludesXpack {p0=com.google.common.jimfs.JimfsFileSystem@5884a914 p1=org.elasticsearch.plugins.InstallPluginCommandTests$1Parameter$$Lambda$9/1896232624@50378a4}]: after test
[2019-02-02T16:20:49,067][INFO ][o.e.p.InstallPluginCommandTests] [testInvalidShaFileContainingExtraLine {p0=com.google.common.jimfs.JimfsFileSystem@5884a914 p1=org.elasticsearch.plugins.InstallPluginCommandTests$1Parameter$$Lambda$9/1896232624@50378a4}]: before test
[2019-02-02T16:20:49,119][INFO ][o.e.p.InstallPluginCommandTests] [testInvalidShaFileContainingExtraLine {p0=com.google.common.jimfs.JimfsFileSystem@5884a914 p1=org.elasticsearch.plugins.InstallPluginCommandTests$1Parameter$$Lambda$9/1896232624@50378a4}]: after test
[2019-02-02T16:20:49,122][INFO ][o.e.p.InstallPluginCommandTests] [testMavenShaMissing {p0=com.google.common.jimfs.JimfsFileSystem@5884a914 p1=org.elasticsearch.plugins.InstallPluginCommandTests$1Parameter$$Lambda$9/1896232624@50378a4}]: before test
[2019-02-02T16:20:49,134][INFO ][o.e.p.InstallPluginCommandTests] [testMavenShaMissing {p0=com.google.common.jimfs.JimfsFileSystem@5884a914 p1=org.elasticsearch.plugins.InstallPluginCommandTests$1Parameter$$Lambda$9/1896232624@50378a4}]: after test
[2019-02-02T16:20:49,137][INFO ][o.e.p.InstallPluginCommandTests] [testMavenSha1Backcompat {p0=com.google.common.jimfs.JimfsFileSystem@5884a914 p1=org.elasticsearch.plugins.InstallPluginCommandTests$1Parameter$$Lambda$9/1896232624@50378a4}]: before test
[2019-02-02T16:20:49,150][INFO ][o.e.p.InstallPluginCommandTests] [testMavenSha1Backcompat {p0=com.google.common.jimfs.JimfsFileSystem@5884a914 p1=org.elasticsearch.plugins.InstallPluginCommandTests$1Parameter$$Lambda$9/1896232624@50378a4}]: after test
[2019-02-02T16:20:49,152][INFO ][o.e.p.InstallPluginCommandTests] [testInvalidShaFileMismatchFilename {p0=com.google.common.jimfs.JimfsFileSystem@5884a914 p1=org.elasticsearch.plugins.InstallPluginCommandTests$1Parameter$$Lambda$9/1896232624@50378a4}]: before test
[2019-02-02T16:20:49,167][INFO ][o.e.p.InstallPluginCommandTests] [testInvalidShaFileMismatchFilename {p0=com.google.common.jimfs.JimfsFileSystem@5884a914 p1=org.elasticsearch.plugins.InstallPluginCommandTests$1Parameter$$Lambda$9/1896232624@50378a4}]: after test
[2019-02-02T16:20:49,169][INFO ][o.e.p.InstallPluginCommandTests] [testQuietFlagEnabled {p0=com.google.common.jimfs.JimfsFileSystem@5884a914 p1=org.elasticsearch.plugins.InstallPluginCommandTests$1Parameter$$Lambda$9/1896232624@50378a4}]: before test
[2019-02-02T16:20:49,183][INFO ][o.e.p.InstallPluginCommandTests] [testQuietFlagEnabled {p0=com.google.common.jimfs.JimfsFileSystem@5884a914 p1=org.elasticsearch.plugins.InstallPluginCommandTests$1Parameter$$Lambda$9/1896232624@50378a4}]: after test
[2019-02-02T16:20:49,186][INFO ][o.e.p.InstallPluginCommandTests] [testOfficalPlugin {p0=com.google.common.jimfs.JimfsFileSystem@5884a914 p1=org.elasticsearch.plugins.InstallPluginCommandTests$1Parameter$$Lambda$9/1896232624@50378a4}]: before test
[2019-02-02T16:20:49,199][INFO ][o.e.p.InstallPluginCommandTests] [testOfficalPlugin {p0=com.google.common.jimfs.JimfsFileSystem@5884a914 p1=org.elasticsearch.plugins.InstallPluginCommandTests$1Parameter$$Lambda$9/1896232624@50378a4}]: after test
[2019-02-02T16:20:49,202][INFO ][o.e.p.InstallPluginCommandTests] [testSomethingWorks {p0=com.google.common.jimfs.JimfsFileSystem@5884a914 p1=org.elasticsearch.plugins.InstallPluginCommandTests$1Parameter$$Lambda$9/1896232624@50378a4}]: before test
[2019-02-02T16:20:49,212][INFO ][o.e.p.InstallPluginCommandTests] [testSomethingWorks {p0=com.google.common.jimfs.JimfsFileSystem@5884a914 p1=org.elasticsearch.plugins.InstallPluginCommandTests$1Parameter$$Lambda$9/1896232624@50378a4}]: after test
[2019-02-02T16:20:49,214][INFO ][o.e.p.InstallPluginCommandTests] [testInstallFailsIfPreviouslyRemovedPluginFailed {p0=com.google.common.jimfs.JimfsFileSystem@5884a914 p1=org.elasticsearch.plugins.InstallPluginCommandTests$1Parameter$$Lambda$9/1896232624@50378a4}]: before test
[2019-02-02T16:20:49,223][INFO ][o.e.p.InstallPluginCommandTests] [testInstallFailsIfPreviouslyRemovedPluginFailed {p0=com.google.common.jimfs.JimfsFileSystem@5884a914 p1=org.elasticsearch.plugins.InstallPluginCommandTests$1Parameter$$Lambda$9/1896232624@50378a4}]: after test
[2019-02-02T16:20:49,226][INFO ][o.e.p.InstallPluginCommandTests] [testOfficalPluginStaging {p0=com.google.common.jimfs.JimfsFileSystem@5884a914 p1=org.elasticsearch.plugins.InstallPluginCommandTests$1Parameter$$Lambda$9/1896232624@50378a4}]: before test
[2019-02-02T16:20:49,236][INFO ][o.e.p.InstallPluginCommandTests] [testOfficalPluginStaging {p0=com.google.common.jimfs.JimfsFileSystem@5884a914 p1=org.elasticsearch.plugins.InstallPluginCommandTests$1Parameter$$Lambda$9/1896232624@50378a4}]: after test
[2019-02-02T16:20:49,238][INFO ][o.e.p.InstallPluginCommandTests] [testZipRelativeOutsideEntryName {p0=com.google.common.jimfs.JimfsFileSystem@5884a914 p1=org.elasticsearch.plugins.InstallPluginCommandTests$1Parameter$$Lambda$9/1896232624@50378a4}]: before test
[2019-02-02T16:20:49,245][INFO ][o.e.p.InstallPluginCommandTests] [testZipRelativeOutsideEntryName {p0=com.google.common.jimfs.JimfsFileSystem@5884a914 p1=org.elasticsearch.plugins.InstallPluginCommandTests$1Parameter$$Lambda$9/1896232624@50378a4}]: after test
[2019-02-02T16:20:49,248][INFO ][o.e.p.InstallPluginCommandTests] [testBinConflict {p0=com.google.common.jimfs.JimfsFileSystem@5884a914 p1=org.elasticsearch.plugins.InstallPluginCommandTests$1Parameter$$Lambda$9/1896232624@50378a4}]: before test
[2019-02-02T16:20:49,257][INFO ][o.e.p.InstallPluginCommandTests] [testBinConflict {p0=com.google.common.jimfs.JimfsFileSystem@5884a914 p1=org.elasticsearch.plugins.InstallPluginCommandTests$1Parameter$$Lambda$9/1896232624@50378a4}]: after test
[2019-02-02T16:20:49,260][INFO ][o.e.p.InstallPluginCommandTests] [testConfigConflict {p0=com.google.common.jimfs.JimfsFileSystem@5884a914 p1=org.elasticsearch.plugins.InstallPluginCommandTests$1Parameter$$Lambda$9/1896232624@50378a4}]: before test
[2019-02-02T16:20:49,269][INFO ][o.e.p.InstallPluginCommandTests] [testConfigConflict {p0=com.google.common.jimfs.JimfsFileSystem@5884a914 p1=org.elasticsearch.plugins.InstallPluginCommandTests$1Parameter$$Lambda$9/1896232624@50378a4}]: after test
[2019-02-02T16:20:49,273][INFO ][o.e.p.InstallPluginCommandTests] [testPluginsDirReadOnly {p0=com.google.common.jimfs.JimfsFileSystem@5884a914 p1=org.elasticsearch.plugins.InstallPluginCommandTests$1Parameter$$Lambda$9/1896232624@50378a4}]: before test
[2019-02-02T16:20:49,274][INFO ][o.e.p.InstallPluginCommandTests] [testPluginsDirReadOnly {p0=com.google.common.jimfs.JimfsFileSystem@5884a914 p1=org.elasticsearch.plugins.InstallPluginCommandTests$1Parameter$$Lambda$9/1896232624@50378a4}]: after test
[2019-02-02T16:20:49,277][INFO ][o.e.p.InstallPluginCommandTests] [testMissingPluginId {p0=com.google.common.jimfs.JimfsFileSystem@5884a914 p1=org.elasticsearch.plugins.InstallPluginCommandTests$1Parameter$$Lambda$9/1896232624@50378a4}]: before test
[2019-02-02T16:20:49,303][INFO ][o.e.p.InstallPluginCommandTests] [testMissingPluginId {p0=com.google.common.jimfs.JimfsFileSystem@5884a914 p1=org.elasticsearch.plugins.InstallPluginCommandTests$1Parameter$$Lambda$9/1896232624@50378a4}]: after test
[2019-02-02T16:20:49,306][INFO ][o.e.p.InstallPluginCommandTests] [testMavenPlatformPlugin {p0=com.google.common.jimfs.JimfsFileSystem@5884a914 p1=org.elasticsearch.plugins.InstallPluginCommandTests$1Parameter$$Lambda$9/1896232624@50378a4}]: before test
[2019-02-02T16:20:49,426][INFO ][o.e.p.InstallPluginCommandTests] [testMavenPlatformPlugin {p0=com.google.common.jimfs.JimfsFileSystem@5884a914 p1=org.elasticsearch.plugins.InstallPluginCommandTests$1Parameter$$Lambda$9/1896232624@50378a4}]: after test
[2019-02-02T16:20:49,429][INFO ][o.e.p.InstallPluginCommandTests] [testBinContainsDir {p0=com.google.common.jimfs.JimfsFileSystem@5884a914 p1=org.elasticsearch.plugins.InstallPluginCommandTests$1Parameter$$Lambda$9/1896232624@50378a4}]: before test
[2019-02-02T16:20:49,451][INFO ][o.e.p.InstallPluginCommandTests] [testBinContainsDir {p0=com.google.common.jimfs.JimfsFileSystem@5884a914 p1=org.elasticsearch.plugins.InstallPluginCommandTests$1Parameter$$Lambda$9/1896232624@50378a4}]: after test
[2019-02-02T16:20:49,461][INFO ][o.e.p.InstallPluginCommandTests] [testIsolatedPlugins {p0=com.google.common.jimfs.JimfsFileSystem@5884a914 p1=org.elasticsearch.plugins.InstallPluginCommandTests$1Parameter$$Lambda$9/1896232624@50378a4}]: before test
[2019-02-02T16:20:49,485][INFO ][o.e.p.InstallPluginCommandTests] [testIsolatedPlugins {p0=com.google.common.jimfs.JimfsFileSystem@5884a914 p1=org.elasticsearch.plugins.InstallPluginCommandTests$1Parameter$$Lambda$9/1896232624@50378a4}]: after test
[2019-02-02T16:20:49,487][INFO ][o.e.p.InstallPluginCommandTests] [testBinNotDir {p0=com.google.common.jimfs.JimfsFileSystem@5884a914 p1=org.elasticsearch.plugins.InstallPluginCommandTests$1Parameter$$Lambda$9/1896232624@50378a4}]: before test
[2019-02-02T16:20:49,565][INFO ][o.e.p.InstallPluginCommandTests] [testBinNotDir {p0=com.google.common.jimfs.JimfsFileSystem@5884a914 p1=org.elasticsearch.plugins.InstallPluginCommandTests$1Parameter$$Lambda$9/1896232624@50378a4}]: after test
[2019-02-02T16:20:49,569][INFO ][o.e.p.InstallPluginCommandTests] [testKeystoreRequiredCreated {p0=com.google.common.jimfs.JimfsFileSystem@5884a914 p1=org.elasticsearch.plugins.InstallPluginCommandTests$1Parameter$$Lambda$9/1896232624@50378a4}]: before test
[2019-02-02T16:20:50,244][INFO ][o.e.p.InstallPluginCommandTests] [testKeystoreRequiredCreated {p0=com.google.common.jimfs.JimfsFileSystem@5884a914 p1=org.elasticsearch.plugins.InstallPluginCommandTests$1Parameter$$Lambda$9/1896232624@50378a4}]: after test
[2019-02-02T16:20:50,247][INFO ][o.e.p.InstallPluginCommandTests] [testOfficialPluginsHelpSorted {p0=com.google.common.jimfs.JimfsFileSystem@5884a914 p1=org.elasticsearch.plugins.InstallPluginCommandTests$1Parameter$$Lambda$9/1896232624@50378a4}]: before test
[2019-02-02T16:20:50,252][INFO ][o.e.p.InstallPluginCommandTests] [testOfficialPluginsHelpSorted {p0=com.google.common.jimfs.JimfsFileSystem@5884a914 p1=org.elasticsearch.plugins.InstallPluginCommandTests$1Parameter$$Lambda$9/1896232624@50378a4}]: after test
[2019-02-02T16:20:50,255][INFO ][o.e.p.InstallPluginCommandTests] [testPluginAlreadyInstalled {p0=com.google.common.jimfs.JimfsFileSystem@5884a914 p1=org.elasticsearch.plugins.InstallPluginCommandTests$1Parameter$$Lambda$9/1896232624@50378a4}]: before test
[2019-02-02T16:20:50,266][INFO ][o.e.p.InstallPluginCommandTests] [testPluginAlreadyInstalled {p0=com.google.common.jimfs.JimfsFileSystem@5884a914 p1=org.elasticsearch.plugins.InstallPluginCommandTests$1Parameter$$Lambda$9/1896232624@50378a4}]: after test
[2019-02-02T16:20:50,269][INFO ][o.e.p.InstallPluginCommandTests] [testQuietFlagDisabled {p0=com.google.common.jimfs.JimfsFileSystem@5884a914 p1=org.elasticsearch.plugins.InstallPluginCommandTests$1Parameter$$Lambda$9/1896232624@50378a4}]: before test
[2019-02-02T16:20:50,277][INFO ][o.e.p.InstallPluginCommandTests] [testQuietFlagDisabled {p0=com.google.common.jimfs.JimfsFileSystem@5884a914 p1=org.elasticsearch.plugins.InstallPluginCommandTests$1Parameter$$Lambda$9/1896232624@50378a4}]: after test
[2019-02-02T16:20:50,279][INFO ][o.e.p.InstallPluginCommandTests] [testSha1Mismatch {p0=com.google.common.jimfs.JimfsFileSystem@5884a914 p1=org.elasticsearch.plugins.InstallPluginCommandTests$1Parameter$$Lambda$9/1896232624@50378a4}]: before test
[2019-02-02T16:20:50,290][INFO ][o.e.p.InstallPluginCommandTests] [testSha1Mismatch {p0=com.google.common.jimfs.JimfsFileSystem@5884a914 p1=org.elasticsearch.plugins.InstallPluginCommandTests$1Parameter$$Lambda$9/1896232624@50378a4}]: after test
[...]
[2019-02-02T16:20:52,955][INFO ][o.e.p.InstallPluginCommandTests] [testInvalidShaFileMismatchFilename {p0=sun.nio.fs.MacOSXFileSystem@97e93f1 p1=org.elasticsearch.plugins.InstallPluginCommandTests$$Lambda$10/253601149@5a5a729f}]: before test
[2019-02-02T16:20:52,966][INFO ][o.e.p.InstallPluginCommandTests] [testInvalidShaFileMismatchFilename {p0=sun.nio.fs.MacOSXFileSystem@97e93f1 p1=org.elasticsearch.plugins.InstallPluginCommandTests$$Lambda$10/253601149@5a5a729f}]: after test
[2019-02-02T16:20:52,968][INFO ][o.e.p.InstallPluginCommandTests] [testQuietFlagEnabled {p0=sun.nio.fs.MacOSXFileSystem@97e93f1 p1=org.elasticsearch.plugins.InstallPluginCommandTests$$Lambda$10/253601149@5a5a729f}]: before test
[2019-02-02T16:20:52,979][INFO ][o.e.p.InstallPluginCommandTests] [testQuietFlagEnabled {p0=sun.nio.fs.MacOSXFileSystem@97e93f1 p1=org.elasticsearch.plugins.InstallPluginCommandTests$$Lambda$10/253601149@5a5a729f}]: after test
[2019-02-02T16:20:52,981][INFO ][o.e.p.InstallPluginCommandTests] [testOfficalPlugin {p0=sun.nio.fs.MacOSXFileSystem@97e93f1 p1=org.elasticsearch.plugins.InstallPluginCommandTests$$Lambda$10/253601149@5a5a729f}]: before test
[2019-02-02T16:20:52,997][INFO ][o.e.p.InstallPluginCommandTests] [testOfficalPlugin {p0=sun.nio.fs.MacOSXFileSystem@97e93f1 p1=org.elasticsearch.plugins.InstallPluginCommandTests$$Lambda$10/253601149@5a5a729f}]: after test
[2019-02-02T16:20:52,999][INFO ][o.e.p.InstallPluginCommandTests] [testSomethingWorks {p0=sun.nio.fs.MacOSXFileSystem@97e93f1 p1=org.elasticsearch.plugins.InstallPluginCommandTests$$Lambda$10/253601149@5a5a729f}]: before test
[2019-02-02T16:20:53,015][INFO ][o.e.p.InstallPluginCommandTests] [testSomethingWorks {p0=sun.nio.fs.MacOSXFileSystem@97e93f1 p1=org.elasticsearch.plugins.InstallPluginCommandTests$$Lambda$10/253601149@5a5a729f}]: after test
[2019-02-02T16:20:53,017][INFO ][o.e.p.InstallPluginCommandTests] [testInstallFailsIfPreviouslyRemovedPluginFailed {p0=sun.nio.fs.MacOSXFileSystem@97e93f1 p1=org.elasticsearch.plugins.InstallPluginCommandTests$$Lambda$10/253601149@5a5a729f}]: before test
[2019-02-02T16:20:53,104][INFO ][o.e.p.InstallPluginCommandTests] [testInstallFailsIfPreviouslyRemovedPluginFailed {p0=sun.nio.fs.MacOSXFileSystem@97e93f1 p1=org.elasticsearch.plugins.InstallPluginCommandTests$$Lambda$10/253601149@5a5a729f}]: after test
[2019-02-02T16:20:53,106][INFO ][o.e.p.InstallPluginCommandTests] [testOfficalPluginStaging {p0=sun.nio.fs.MacOSXFileSystem@97e93f1 p1=org.elasticsearch.plugins.InstallPluginCommandTests$$Lambda$10/253601149@5a5a729f}]: before test
[2019-02-02T16:20:53,119][INFO ][o.e.p.InstallPluginCommandTests] [testOfficalPluginStaging {p0=sun.nio.fs.MacOSXFileSystem@97e93f1 p1=org.elasticsearch.plugins.InstallPluginCommandTests$$Lambda$10/253601149@5a5a729f}]: after test
[2019-02-02T16:20:53,121][INFO ][o.e.p.InstallPluginCommandTests] [testZipRelativeOutsideEntryName {p0=sun.nio.fs.MacOSXFileSystem@97e93f1 p1=org.elasticsearch.plugins.InstallPluginCommandTests$$Lambda$10/253601149@5a5a729f}]: before test
[2019-02-02T16:20:53,129][INFO ][o.e.p.InstallPluginCommandTests] [testZipRelativeOutsideEntryName {p0=sun.nio.fs.MacOSXFileSystem@97e93f1 p1=org.elasticsearch.plugins.InstallPluginCommandTests$$Lambda$10/253601149@5a5a729f}]: after test
[2019-02-02T16:20:53,131][INFO ][o.e.p.InstallPluginCommandTests] [testBinConflict {p0=sun.nio.fs.MacOSXFileSystem@97e93f1 p1=org.elasticsearch.plugins.InstallPluginCommandTests$$Lambda$10/253601149@5a5a729f}]: before test
[2019-02-02T16:20:53,149][INFO ][o.e.p.InstallPluginCommandTests] [testBinConflict {p0=sun.nio.fs.MacOSXFileSystem@97e93f1 p1=org.elasticsearch.plugins.InstallPluginCommandTests$$Lambda$10/253601149@5a5a729f}]: after test
[2019-02-02T16:20:53,151][INFO ][o.e.p.InstallPluginCommandTests] [testConfigConflict {p0=sun.nio.fs.MacOSXFileSystem@97e93f1 p1=org.elasticsearch.plugins.InstallPluginCommandTests$$Lambda$10/253601149@5a5a729f}]: before test
[2019-02-02T16:20:53,172][INFO ][o.e.p.InstallPluginCommandTests] [testConfigConflict {p0=sun.nio.fs.MacOSXFileSystem@97e93f1 p1=org.elasticsearch.plugins.InstallPluginCommandTests$$Lambda$10/253601149@5a5a729f}]: after test
[2019-02-02T16:20:53,174][INFO ][o.e.p.InstallPluginCommandTests] [testPluginsDirReadOnly {p0=sun.nio.fs.MacOSXFileSystem@97e93f1 p1=org.elasticsearch.plugins.InstallPluginCommandTests$$Lambda$10/253601149@5a5a729f}]: before test
[2019-02-02T16:20:53,194][INFO ][o.e.p.InstallPluginCommandTests] [testPluginsDirReadOnly {p0=sun.nio.fs.MacOSXFileSystem@97e93f1 p1=org.elasticsearch.plugins.InstallPluginCommandTests$$Lambda$10/253601149@5a5a729f}]: after test
[2019-02-02T16:20:53,196][INFO ][o.e.p.InstallPluginCommandTests] [testMissingPluginId {p0=sun.nio.fs.MacOSXFileSystem@97e93f1 p1=org.elasticsearch.plugins.InstallPluginCommandTests$$Lambda$10/253601149@5a5a729f}]: before test
[2019-02-02T16:20:53,198][INFO ][o.e.p.InstallPluginCommandTests] [testMissingPluginId {p0=sun.nio.fs.MacOSXFileSystem@97e93f1 p1=org.elasticsearch.plugins.InstallPluginCommandTests$$Lambda$10/253601149@5a5a729f}]: after test
[2019-02-02T16:20:53,204][INFO ][o.e.p.InstallPluginCommandTests] [testMavenPlatformPlugin {p0=sun.nio.fs.MacOSXFileSystem@97e93f1 p1=org.elasticsearch.plugins.InstallPluginCommandTests$$Lambda$10/253601149@5a5a729f}]: before test
[2019-02-02T16:20:53,231][INFO ][o.e.p.InstallPluginCommandTests] [testMavenPlatformPlugin {p0=sun.nio.fs.MacOSXFileSystem@97e93f1 p1=org.elasticsearch.plugins.InstallPluginCommandTests$$Lambda$10/253601149@5a5a729f}]: after test
[2019-02-02T16:20:53,234][INFO ][o.e.p.InstallPluginCommandTests] [testBinContainsDir {p0=sun.nio.fs.MacOSXFileSystem@97e93f1 p1=org.elasticsearch.plugins.InstallPluginCommandTests$$Lambda$10/253601149@5a5a729f}]: before test
[2019-02-02T16:20:53,255][INFO ][o.e.p.InstallPluginCommandTests] [testBinContainsDir {p0=sun.nio.fs.MacOSXFileSystem@97e93f1 p1=org.elasticsearch.plugins.InstallPluginCommandTests$$Lambda$10/253601149@5a5a729f}]: after test
[2019-02-02T16:20:53,257][INFO ][o.e.p.InstallPluginCommandTests] [testIsolatedPlugins {p0=sun.nio.fs.MacOSXFileSystem@97e93f1 p1=org.elasticsearch.plugins.InstallPluginCommandTests$$Lambda$10/253601149@5a5a729f}]: before test
[2019-02-02T16:20:53,288][INFO ][o.e.p.InstallPluginCommandTests] [testIsolatedPlugins {p0=sun.nio.fs.MacOSXFileSystem@97e93f1 p1=org.elasticsearch.plugins.InstallPluginCommandTests$$Lambda$10/253601149@5a5a729f}]: after test
[2019-02-02T16:20:53,290][INFO ][o.e.p.InstallPluginCommandTests] [testBinNotDir {p0=sun.nio.fs.MacOSXFileSystem@97e93f1 p1=org.elasticsearch.plugins.InstallPluginCommandTests$$Lambda$10/253601149@5a5a729f}]: before test
[2019-02-02T16:20:53,303][INFO ][o.e.p.InstallPluginCommandTests] [testBinNotDir {p0=sun.nio.fs.MacOSXFileSystem@97e93f1 p1=org.elasticsearch.plugins.InstallPluginCommandTests$$Lambda$10/253601149@5a5a729f}]: after test
[2019-02-02T16:20:53,305][INFO ][o.e.p.InstallPluginCommandTests] [testKeystoreRequiredCreated {p0=sun.nio.fs.MacOSXFileSystem@97e93f1 p1=org.elasticsearch.plugins.InstallPluginCommandTests$$Lambda$10/253601149@5a5a729f}]: before test
[2019-02-02T16:20:53,406][INFO ][o.e.p.InstallPluginCommandTests] [testKeystoreRequiredCreated {p0=sun.nio.fs.MacOSXFileSystem@97e93f1 p1=org.elasticsearch.plugins.InstallPluginCommandTests$$Lambda$10/253601149@5a5a729f}]: after test
[2019-02-02T16:20:53,414][INFO ][o.e.p.InstallPluginCommandTests] [testOfficialPluginsHelpSorted {p0=sun.nio.fs.MacOSXFileSystem@97e93f1 p1=org.elasticsearch.plugins.InstallPluginCommandTests$$Lambda$10/253601149@5a5a729f}]: before test
[2019-02-02T16:20:53,418][INFO ][o.e.p.InstallPluginCommandTests] [testOfficialPluginsHelpSorted {p0=sun.nio.fs.MacOSXFileSystem@97e93f1 p1=org.elasticsearch.plugins.InstallPluginCommandTests$$Lambda$10/253601149@5a5a729f}]: after test
[2019-02-02T16:20:53,420][INFO ][o.e.p.InstallPluginCommandTests] [testPluginAlreadyInstalled {p0=sun.nio.fs.MacOSXFileSystem@97e93f1 p1=org.elasticsearch.plugins.InstallPluginCommandTests$$Lambda$10/253601149@5a5a729f}]: before test
[2019-02-02T16:20:53,446][INFO ][o.e.p.InstallPluginCommandTests] [testPluginAlreadyInstalled {p0=sun.nio.fs.MacOSXFileSystem@97e93f1 p1=org.elasticsearch.plugins.InstallPluginCommandTests$$Lambda$10/253601149@5a5a729f}]: after test
[2019-02-02T16:20:53,448][INFO ][o.e.p.InstallPluginCommandTests] [testQuietFlagDisabled {p0=sun.nio.fs.MacOSXFileSystem@97e93f1 p1=org.elasticsearch.plugins.InstallPluginCommandTests$$Lambda$10/253601149@5a5a729f}]: before test
[2019-02-02T16:20:53,464][INFO ][o.e.p.InstallPluginCommandTests] [testQuietFlagDisabled {p0=sun.nio.fs.MacOSXFileSystem@97e93f1 p1=org.elasticsearch.plugins.InstallPluginCommandTests$$Lambda$10/253601149@5a5a729f}]: after test
[2019-02-02T16:20:53,467][INFO ][o.e.p.InstallPluginCommandTests] [testSha1Mismatch {p0=sun.nio.fs.MacOSXFileSystem@97e93f1 p1=org.elasticsearch.plugins.InstallPluginCommandTests$$Lambda$10/253601149@5a5a729f}]: before test
[2019-02-02T16:20:53,478][INFO ][o.e.p.InstallPluginCommandTests] [testSha1Mismatch {p0=sun.nio.fs.MacOSXFileSystem@97e93f1 p1=org.elasticsearch.plugins.InstallPluginCommandTests$$Lambda$10/253601149@5a5a729f}]: after test
[2019-02-02T16:20:53,481][INFO ][o.e.p.InstallPluginCommandTests] [testOfficalPlatformPluginStaging {p0=sun.nio.fs.MacOSXFileSystem@97e93f1 p1=org.elasticsearch.plugins.InstallPluginCommandTests$$Lambda$10/253601149@5a5a729f}]: before test
[2019-02-02T16:20:53,496][INFO ][o.e.p.InstallPluginCommandTests] [testOfficalPlatformPluginStaging {p0=sun.nio.fs.MacOSXFileSystem@97e93f1 p1=org.elasticsearch.plugins.InstallPluginCommandTests$$Lambda$10/253601149@5a5a729f}]: after test
[2019-02-02T16:20:53,499][INFO ][o.e.p.InstallPluginCommandTests] [testBuiltinModule {p0=sun.nio.fs.MacOSXFileSystem@97e93f1 p1=org.elasticsearch.plugins.InstallPluginCommandTests$$Lambda$10/253601149@5a5a729f}]: before test
[2019-02-02T16:20:53,534][INFO ][o.e.p.InstallPluginCommandTests] [testBuiltinModule {p0=sun.nio.fs.MacOSXFileSystem@97e93f1 p1=org.elasticsearch.plugins.InstallPluginCommandTests$$Lambda$10/253601149@5a5a729f}]: after test
[2019-02-02T16:20:53,536][INFO ][o.e.p.InstallPluginCommandTests] [testConfigNotDir {p0=sun.nio.fs.MacOSXFileSystem@97e93f1 p1=org.elasticsearch.plugins.InstallPluginCommandTests$$Lambda$10/253601149@5a5a729f}]: before test
[2019-02-02T16:20:53,552][INFO ][o.e.p.InstallPluginCommandTests] [testConfigNotDir {p0=sun.nio.fs.MacOSXFileSystem@97e93f1 p1=org.elasticsearch.plugins.InstallPluginCommandTests$$Lambda$10/253601149@5a5a729f}]: after test
[2019-02-02T16:20:53,555][INFO ][o.e.p.InstallPluginCommandTests] [testBinPermissions {p0=sun.nio.fs.MacOSXFileSystem@97e93f1 p1=org.elasticsearch.plugins.InstallPluginCommandTests$$Lambda$10/253601149@5a5a729f}]: before test
[2019-02-02T16:20:53,570][INFO ][o.e.p.InstallPluginCommandTests] [testBinPermissions {p0=sun.nio.fs.MacOSXFileSystem@97e93f1 p1=org.elasticsearch.plugins.InstallPluginCommandTests$$Lambda$10/253601149@5a5a729f}]: after test
[2019-02-02T16:20:53,573][INFO ][o.e.p.InstallPluginCommandTests] [testOfficalPlatformPlugin {p0=sun.nio.fs.MacOSXFileSystem@97e93f1 p1=org.elasticsearch.plugins.InstallPluginCommandTests$$Lambda$10/253601149@5a5a729f}]: before test
[2019-02-02T16:20:53,590][INFO ][o.e.p.InstallPluginCommandTests] [testOfficalPlatformPlugin {p0=sun.nio.fs.MacOSXFileSystem@97e93f1 p1=org.elasticsearch.plugins.InstallPluginCommandTests$$Lambda$10/253601149@5a5a729f}]: after test
[2019-02-02T16:20:53,592][INFO ][o.e.p.InstallPluginCommandTests] [testSpaceInUrl {p0=sun.nio.fs.MacOSXFileSystem@97e93f1 p1=org.elasticsearch.plugins.InstallPluginCommandTests$$Lambda$10/253601149@5a5a729f}]: before test
[2019-02-02T16:20:53,622][INFO ][o.e.p.InstallPluginCommandTests] [testSpaceInUrl {p0=sun.nio.fs.MacOSXFileSystem@97e93f1 p1=org.elasticsearch.plugins.InstallPluginCommandTests$$Lambda$10/253601149@5a5a729f}]: after test
[2019-02-02T16:20:53,625][INFO ][o.e.p.InstallPluginCommandTests] [testInstallMisspelledOfficialPlugins {p0=sun.nio.fs.MacOSXFileSystem@97e93f1 p1=org.elasticsearch.plugins.InstallPluginCommandTests$$Lambda$10/253601149@5a5a729f}]: before test
[2019-02-02T16:20:53,628][INFO ][o.e.p.InstallPluginCommandTests] [testInstallMisspelledOfficialPlugins {p0=sun.nio.fs.MacOSXFileSystem@97e93f1 p1=org.elasticsearch.plugins.InstallPluginCommandTests$$Lambda$10/253601149@5a5a729f}]: after test
[2019-02-02T16:20:53,630][INFO ][o.e.p.InstallPluginCommandTests] [testPluginPermissions {p0=sun.nio.fs.MacOSXFileSystem@97e93f1 p1=org.elasticsearch.plugins.InstallPluginCommandTests$$Lambda$10/253601149@5a5a729f}]: before test
[2019-02-02T16:20:53,650][INFO ][o.e.p.InstallPluginCommandTests] [testPluginPermissions {p0=sun.nio.fs.MacOSXFileSystem@97e93f1 p1=org.elasticsearch.plugins.InstallPluginCommandTests$$Lambda$10/253601149@5a5a729f}]: after test
[2019-02-02T16:20:53,653][INFO ][o.e.p.InstallPluginCommandTests] [testInvalidShaFileMissingFilename {p0=sun.nio.fs.MacOSXFileSystem@97e93f1 p1=org.elasticsearch.plugins.InstallPluginCommandTests$$Lambda$10/253601149@5a5a729f}]: before test
[2019-02-02T16:20:53,665][INFO ][o.e.p.InstallPluginCommandTests] [testInvalidShaFileMissingFilename {p0=sun.nio.fs.MacOSXFileSystem@97e93f1 p1=org.elasticsearch.plugins.InstallPluginCommandTests$$Lambda$10/253601149@5a5a729f}]: after test
[2019-02-02T16:20:53,668][INFO ][o.e.p.InstallPluginCommandTests] [testMavenPlugin {p0=sun.nio.fs.MacOSXFileSystem@97e93f1 p1=org.elasticsearch.plugins.InstallPluginCommandTests$$Lambda$10/253601149@5a5a729f}]: before test
[2019-02-02T16:20:53,681][INFO ][o.e.p.InstallPluginCommandTests] [testMavenPlugin {p0=sun.nio.fs.MacOSXFileSystem@97e93f1 p1=org.elasticsearch.plugins.InstallPluginCommandTests$$Lambda$10/253601149@5a5a729f}]: after test
[2019-02-02T16:20:53,684][INFO ][o.e.p.InstallPluginCommandTests] [testBin {p0=sun.nio.fs.MacOSXFileSystem@97e93f1 p1=org.elasticsearch.plugins.InstallPluginCommandTests$$Lambda$10/253601149@5a5a729f}]: before test
[2019-02-02T16:20:53,698][INFO ][o.e.p.InstallPluginCommandTests] [testBin {p0=sun.nio.fs.MacOSXFileSystem@97e93f1 p1=org.elasticsearch.plugins.InstallPluginCommandTests$$Lambda$10/253601149@5a5a729f}]: after test
[2019-02-02T16:20:53,701][INFO ][o.e.p.InstallPluginCommandTests] [testKeystoreRequiredAlreadyExists {p0=sun.nio.fs.MacOSXFileSystem@97e93f1 p1=org.elasticsearch.plugins.InstallPluginCommandTests$$Lambda$10/253601149@5a5a729f}]: before test
[2019-02-02T16:20:53,813][INFO ][o.e.p.InstallPluginCommandTests] [testKeystoreRequiredAlreadyExists {p0=sun.nio.fs.MacOSXFileSystem@97e93f1 p1=org.elasticsearch.plugins.InstallPluginCommandTests$$Lambda$10/253601149@5a5a729f}]: after test
[2019-02-02T16:20:53,816][INFO ][o.e.p.InstallPluginCommandTests] [testExistingPlugin {p0=sun.nio.fs.MacOSXFileSystem@97e93f1 p1=org.elasticsearch.plugins.InstallPluginCommandTests$$Lambda$10/253601149@5a5a729f}]: before test
[2019-02-02T16:20:53,833][INFO ][o.e.p.InstallPluginCommandTests] [testExistingPlugin {p0=sun.nio.fs.MacOSXFileSystem@97e93f1 p1=org.elasticsearch.plugins.InstallPluginCommandTests$$Lambda$10/253601149@5a5a729f}]: after test
[2019-02-02T16:20:53,835][INFO ][o.e.p.InstallPluginCommandTests] [testSha512Mismatch {p0=sun.nio.fs.MacOSXFileSystem@97e93f1 p1=org.elasticsearch.plugins.InstallPluginCommandTests$$Lambda$10/253601149@5a5a729f}]: before test
[2019-02-02T16:20:53,849][INFO ][o.e.p.InstallPluginCommandTests] [testSha512Mismatch {p0=sun.nio.fs.MacOSXFileSystem@97e93f1 p1=org.elasticsearch.plugins.InstallPluginCommandTests$$Lambda$10/253601149@5a5a729f}]: after test
[2019-02-02T16:20:53,855][INFO ][o.e.p.InstallPluginCommandTests] [testConfigContainsDir {p0=sun.nio.fs.MacOSXFileSystem@97e93f1 p1=org.elasticsearch.plugins.InstallPluginCommandTests$$Lambda$10/253601149@5a5a729f}]: before test
[2019-02-02T16:20:53,871][INFO ][o.e.p.InstallPluginCommandTests] [testConfigContainsDir {p0=sun.nio.fs.MacOSXFileSystem@97e93f1 p1=org.elasticsearch.plugins.InstallPluginCommandTests$$Lambda$10/253601149@5a5a729f}]: after test
[2019-02-02T16:20:53,874][INFO ][o.e.p.InstallPluginCommandTests] [testMissingDirectory {p0=sun.nio.fs.MacOSXFileSystem@97e93f1 p1=org.elasticsearch.plugins.InstallPluginCommandTests$$Lambda$10/253601149@5a5a729f}]: before test
[2019-02-02T16:20:53,885][INFO ][o.e.p.InstallPluginCommandTests] [testMissingDirectory {p0=sun.nio.fs.MacOSXFileSystem@97e93f1 p1=org.elasticsearch.plugins.InstallPluginCommandTests$$Lambda$10/253601149@5a5a729f}]: after test
[2019-02-02T16:20:53,888][INFO ][o.e.p.InstallPluginCommandTests] [testMalformedUrlNotMaven {p0=sun.nio.fs.MacOSXFileSystem@97e93f1 p1=org.elasticsearch.plugins.InstallPluginCommandTests$$Lambda$10/253601149@5a5a729f}]: before test
[2019-02-02T16:20:53,890][INFO ][o.e.p.InstallPluginCommandTests] [testMalformedUrlNotMaven {p0=sun.nio.fs.MacOSXFileSystem@97e93f1 p1=org.elasticsearch.plugins.InstallPluginCommandTests$$Lambda$10/253601149@5a5a729f}]: after test
[2019-02-02T16:20:53,893][INFO ][o.e.p.InstallPluginCommandTests] [testOfficialShaMissing {p0=sun.nio.fs.MacOSXFileSystem@97e93f1 p1=org.elasticsearch.plugins.InstallPluginCommandTests$$Lambda$10/253601149@5a5a729f}]: before test
[2019-02-02T16:20:53,906][INFO ][o.e.p.InstallPluginCommandTests] [testOfficialShaMissing {p0=sun.nio.fs.MacOSXFileSystem@97e93f1 p1=org.elasticsearch.plugins.InstallPluginCommandTests$$Lambda$10/253601149@5a5a729f}]: after test
[2019-02-02T16:20:53,908][INFO ][o.e.p.InstallPluginCommandTests] [testConfig {p0=sun.nio.fs.MacOSXFileSystem@97e93f1 p1=org.elasticsearch.plugins.InstallPluginCommandTests$$Lambda$10/253601149@5a5a729f}]: before test
[2019-02-02T16:20:53,925][INFO ][o.e.p.InstallPluginCommandTests] [testConfig {p0=sun.nio.fs.MacOSXFileSystem@97e93f1 p1=org.elasticsearch.plugins.InstallPluginCommandTests$$Lambda$10/253601149@5a5a729f}]: after test
[2019-02-02T16:20:53,927][INFO ][o.e.p.InstallPluginCommandTests] [testMissingDescriptor {p0=sun.nio.fs.MacOSXFileSystem@97e93f1 p1=org.elasticsearch.plugins.InstallPluginCommandTests$$Lambda$10/253601149@5a5a729f}]: before test
[2019-02-02T16:20:53,939][INFO ][o.e.p.InstallPluginCommandTests] [testMissingDescriptor {p0=sun.nio.fs.MacOSXFileSystem@97e93f1 p1=org.elasticsearch.plugins.InstallPluginCommandTests$$Lambda$10/253601149@5a5a729f}]: after test
[2019-02-02T16:20:53,942][INFO ][o.e.p.InstallPluginCommandTests] [testKeystoreNotRequired {p0=sun.nio.fs.MacOSXFileSystem@97e93f1 p1=org.elasticsearch.plugins.InstallPluginCommandTests$$Lambda$10/253601149@5a5a729f}]: before test
[2019-02-02T16:20:53,974][INFO ][o.e.p.InstallPluginCommandTests] [testKeystoreNotRequired {p0=sun.nio.fs.MacOSXFileSystem@97e93f1 p1=org.elasticsearch.plugins.InstallPluginCommandTests$$Lambda$10/253601149@5a5a729f}]: after test
[2019-02-02T16:20:53,977][INFO ][o.e.p.InstallPluginCommandTests] [testUnknownPlugin {p0=sun.nio.fs.MacOSXFileSystem@97e93f1 p1=org.elasticsearch.plugins.InstallPluginCommandTests$$Lambda$10/253601149@5a5a729f}]: before test
[2019-02-02T16:20:53,979][INFO ][o.e.p.InstallPluginCommandTests] [testUnknownPlugin {p0=sun.nio.fs.MacOSXFileSystem@97e93f1 p1=org.elasticsearch.plugins.InstallPluginCommandTests$$Lambda$10/253601149@5a5a729f}]: after test
[2019-02-02T16:20:53,982][INFO ][o.e.p.InstallPluginCommandTests] [testBatchFlag {p0=sun.nio.fs.MacOSXFileSystem@97e93f1 p1=org.elasticsearch.plugins.InstallPluginCommandTests$$Lambda$10/253601149@5a5a729f}]: before test
[2019-02-02T16:20:53,997][INFO ][o.e.p.InstallPluginCommandTests] [testBatchFlag {p0=sun.nio.fs.MacOSXFileSystem@97e93f1 p1=org.elasticsearch.plugins.InstallPluginCommandTests$$Lambda$10/253601149@5a5a729f}]: after test
]]></system-out>
   <system-err><![CDATA[]]></system-err>
</testsuite>